2025-04-06 02:26:47.927 [info] [main] Log level: Info
2025-04-06 02:26:47.927 [info] [main] Validating found git in: "git"
2025-04-06 02:26:47.927 [info] [main] Using git "2.43.0" from "git"
2025-04-06 02:26:47.927 [info] [Model][doInitialScan] Initial repository scan started
2025-04-06 02:26:47.927 [info] > git rev-parse --show-toplevel [12ms]
2025-04-06 02:26:47.927 [info] fatal: not a git repository (or any of the parent directories): .git
2025-04-06 02:26:47.927 [info] > git rev-parse --show-toplevel [448ms]
2025-04-06 02:26:47.927 [info] fatal: not a git repository (or any of the parent directories): .git
2025-04-06 02:26:47.927 [info] > git rev-parse --show-toplevel [24ms]
2025-04-06 02:26:47.927 [info] fatal: not a git repository (or any of the parent directories): .git
2025-04-06 02:26:47.927 [info] > git rev-parse --show-toplevel [363ms]
2025-04-06 02:26:47.927 [info] fatal: not a git repository (or any of the parent directories): .git
2025-04-06 02:26:47.937 [info] > git rev-parse --show-toplevel [4ms]
2025-04-06 02:26:47.937 [info] fatal: not a git repository (or any of the parent directories): .git
2025-04-06 02:26:47.957 [info] > git rev-parse --show-toplevel [4ms]
2025-04-06 02:26:47.957 [info] fatal: not a git repository (or any of the parent directories): .git
2025-04-06 02:26:47.972 [info] > git rev-parse --show-toplevel [3ms]
2025-04-06 02:26:47.972 [info] fatal: not a git repository (or any of the parent directories): .git
2025-04-06 02:26:47.980 [info] > git rev-parse --show-toplevel [2ms]
2025-04-06 02:26:47.980 [info] fatal: not a git repository (or any of the parent directories): .git
2025-04-06 02:26:47.981 [info] [Model][doInitialScan] Initial repository scan completed - repositories (0), closed repositories (0), parent repositories (0), unsafe repositories (0)
2025-04-06 02:26:48.313 [info] > git rev-parse --show-toplevel [11ms]
2025-04-06 02:26:48.313 [info] fatal: not a git repository (or any of the parent directories): .git
2025-04-06 02:31:32.915 [info] > git rev-parse --show-toplevel [1ms]
2025-04-06 02:31:32.915 [info] fatal: not a git repository (or any of the parent directories): .git
2025-04-06 04:06:26.926 [info] > git rev-parse --show-toplevel [1ms]
2025-04-06 04:06:26.926 [info] fatal: not a git repository (or any of the parent directories): .git
2025-04-06 04:06:29.719 [info] > git rev-parse --show-toplevel [2ms]
2025-04-06 04:06:29.719 [info] fatal: not a git repository (or any of the parent directories): .git
