[2025-04-06T02:25:51.360+0000] {processor.py:186} INFO - Started process (PID=3812) to work on /home/ubuntu/venv/lib/python3.12/site-packages/airflow/example_dags/example_external_task_marker_dag.py
[2025-04-06T02:25:51.361+0000] {processor.py:914} INFO - Processing file /home/ubuntu/venv/lib/python3.12/site-packages/airflow/example_dags/example_external_task_marker_dag.py for tasks to queue
[2025-04-06T02:25:51.363+0000] {logging_mixin.py:190} INFO - [2025-04-06T02:25:51.363+0000] {dagbag.py:588} INFO - Filling up the DagBag from /home/ubuntu/venv/lib/python3.12/site-packages/airflow/example_dags/example_external_task_marker_dag.py
[2025-04-06T02:25:51.371+0000] {processor.py:925} INFO - DAG(s) 'example_external_task_marker_parent', 'example_external_task_marker_child' retrieved from /home/ubuntu/venv/lib/python3.12/site-packages/airflow/example_dags/example_external_task_marker_dag.py
[2025-04-06T02:25:51.472+0000] {logging_mixin.py:190} INFO - [2025-04-06T02:25:51.471+0000] {override.py:1930} INFO - Created Permission View: can read on DAG:example_external_task_marker_parent
[2025-04-06T02:25:51.486+0000] {logging_mixin.py:190} INFO - [2025-04-06T02:25:51.486+0000] {override.py:1930} INFO - Created Permission View: can edit on DAG:example_external_task_marker_parent
[2025-04-06T02:25:51.497+0000] {logging_mixin.py:190} INFO - [2025-04-06T02:25:51.497+0000] {override.py:1930} INFO - Created Permission View: can delete on DAG:example_external_task_marker_parent
[2025-04-06T02:25:51.516+0000] {logging_mixin.py:190} INFO - [2025-04-06T02:25:51.516+0000] {override.py:1930} INFO - Created Permission View: can create on DAG Run:example_external_task_marker_parent
[2025-04-06T02:25:51.529+0000] {logging_mixin.py:190} INFO - [2025-04-06T02:25:51.529+0000] {override.py:1930} INFO - Created Permission View: menu access on DAG Run:example_external_task_marker_parent
[2025-04-06T02:25:51.542+0000] {logging_mixin.py:190} INFO - [2025-04-06T02:25:51.541+0000] {override.py:1930} INFO - Created Permission View: can read on DAG Run:example_external_task_marker_parent
[2025-04-06T02:25:51.554+0000] {logging_mixin.py:190} INFO - [2025-04-06T02:25:51.554+0000] {override.py:1930} INFO - Created Permission View: can delete on DAG Run:example_external_task_marker_parent
[2025-04-06T02:25:51.578+0000] {logging_mixin.py:190} INFO - [2025-04-06T02:25:51.578+0000] {override.py:1930} INFO - Created Permission View: can read on DAG:example_external_task_marker_child
[2025-04-06T02:25:51.588+0000] {logging_mixin.py:190} INFO - [2025-04-06T02:25:51.588+0000] {override.py:1930} INFO - Created Permission View: can edit on DAG:example_external_task_marker_child
[2025-04-06T02:25:51.598+0000] {logging_mixin.py:190} INFO - [2025-04-06T02:25:51.598+0000] {override.py:1930} INFO - Created Permission View: can delete on DAG:example_external_task_marker_child
[2025-04-06T02:25:51.616+0000] {logging_mixin.py:190} INFO - [2025-04-06T02:25:51.616+0000] {override.py:1930} INFO - Created Permission View: can create on DAG Run:example_external_task_marker_child
[2025-04-06T02:25:51.628+0000] {logging_mixin.py:190} INFO - [2025-04-06T02:25:51.627+0000] {override.py:1930} INFO - Created Permission View: menu access on DAG Run:example_external_task_marker_child
[2025-04-06T02:25:51.637+0000] {logging_mixin.py:190} INFO - [2025-04-06T02:25:51.637+0000] {override.py:1930} INFO - Created Permission View: can read on DAG Run:example_external_task_marker_child
[2025-04-06T02:25:51.647+0000] {logging_mixin.py:190} INFO - [2025-04-06T02:25:51.647+0000] {override.py:1930} INFO - Created Permission View: can delete on DAG Run:example_external_task_marker_child
[2025-04-06T02:25:51.647+0000] {logging_mixin.py:190} INFO - [2025-04-06T02:25:51.647+0000] {dag.py:3239} INFO - Sync 2 DAGs
[2025-04-06T02:25:51.657+0000] {logging_mixin.py:190} INFO - [2025-04-06T02:25:51.657+0000] {dag.py:3262} INFO - Creating ORM DAG for example_external_task_marker_child
[2025-04-06T02:25:51.657+0000] {logging_mixin.py:190} INFO - [2025-04-06T02:25:51.657+0000] {dag.py:3262} INFO - Creating ORM DAG for example_external_task_marker_parent
[2025-04-06T02:25:51.657+0000] {logging_mixin.py:190} INFO - [2025-04-06T02:25:51.657+0000] {dag.py:4180} INFO - Setting next_dagrun for example_external_task_marker_child to None, run_after=None
[2025-04-06T02:25:51.658+0000] {logging_mixin.py:190} INFO - [2025-04-06T02:25:51.658+0000] {dag.py:4180} INFO - Setting next_dagrun for example_external_task_marker_parent to None, run_after=None
[2025-04-06T02:25:51.680+0000] {processor.py:208} INFO - Processing /home/ubuntu/venv/lib/python3.12/site-packages/airflow/example_dags/example_external_task_marker_dag.py took 0.325 seconds
[2025-04-06T02:26:54.715+0000] {processor.py:186} INFO - Started process (PID=3899) to work on /home/ubuntu/venv/lib/python3.12/site-packages/airflow/example_dags/example_external_task_marker_dag.py
[2025-04-06T02:26:54.717+0000] {processor.py:914} INFO - Processing file /home/ubuntu/venv/lib/python3.12/site-packages/airflow/example_dags/example_external_task_marker_dag.py for tasks to queue
[2025-04-06T02:26:54.718+0000] {logging_mixin.py:190} INFO - [2025-04-06T02:26:54.718+0000] {dagbag.py:588} INFO - Filling up the DagBag from /home/ubuntu/venv/lib/python3.12/site-packages/airflow/example_dags/example_external_task_marker_dag.py
[2025-04-06T02:26:54.729+0000] {processor.py:925} INFO - DAG(s) 'example_external_task_marker_child', 'example_external_task_marker_parent' retrieved from /home/ubuntu/venv/lib/python3.12/site-packages/airflow/example_dags/example_external_task_marker_dag.py
[2025-04-06T02:26:54.747+0000] {logging_mixin.py:190} INFO - [2025-04-06T02:26:54.747+0000] {dag.py:3239} INFO - Sync 2 DAGs
[2025-04-06T02:26:54.759+0000] {logging_mixin.py:190} INFO - [2025-04-06T02:26:54.759+0000] {dag.py:4180} INFO - Setting next_dagrun for example_external_task_marker_child to None, run_after=None
[2025-04-06T02:26:54.762+0000] {logging_mixin.py:190} INFO - [2025-04-06T02:26:54.762+0000] {dag.py:4180} INFO - Setting next_dagrun for example_external_task_marker_parent to None, run_after=None
[2025-04-06T02:26:54.788+0000] {processor.py:208} INFO - Processing /home/ubuntu/venv/lib/python3.12/site-packages/airflow/example_dags/example_external_task_marker_dag.py took 0.079 seconds
