[2025-04-06T02:25:21.066+0000] {processor.py:186} INFO - Started process (PID=3786) to work on /home/ubuntu/venv/lib/python3.12/site-packages/airflow/example_dags/example_task_group_decorator.py
[2025-04-06T02:25:21.067+0000] {processor.py:914} INFO - Processing file /home/ubuntu/venv/lib/python3.12/site-packages/airflow/example_dags/example_task_group_decorator.py for tasks to queue
[2025-04-06T02:25:21.068+0000] {logging_mixin.py:190} INFO - [2025-04-06T02:25:21.068+0000] {dagbag.py:588} INFO - Filling up the DagBag from /home/ubuntu/venv/lib/python3.12/site-packages/airflow/example_dags/example_task_group_decorator.py
[2025-04-06T02:25:21.083+0000] {processor.py:925} INFO - DAG(s) 'example_task_group_decorator' retrieved from /home/ubuntu/venv/lib/python3.12/site-packages/airflow/example_dags/example_task_group_decorator.py
[2025-04-06T02:25:21.190+0000] {logging_mixin.py:190} INFO - [2025-04-06T02:25:21.189+0000] {override.py:1930} INFO - Created Permission View: can read on DAG:example_task_group_decorator
[2025-04-06T02:25:21.204+0000] {logging_mixin.py:190} INFO - [2025-04-06T02:25:21.203+0000] {override.py:1930} INFO - Created Permission View: can edit on DAG:example_task_group_decorator
[2025-04-06T02:25:21.214+0000] {logging_mixin.py:190} INFO - [2025-04-06T02:25:21.214+0000] {override.py:1930} INFO - Created Permission View: can delete on DAG:example_task_group_decorator
[2025-04-06T02:25:21.233+0000] {logging_mixin.py:190} INFO - [2025-04-06T02:25:21.233+0000] {override.py:1930} INFO - Created Permission View: can create on DAG Run:example_task_group_decorator
[2025-04-06T02:25:21.244+0000] {logging_mixin.py:190} INFO - [2025-04-06T02:25:21.244+0000] {override.py:1930} INFO - Created Permission View: menu access on DAG Run:example_task_group_decorator
[2025-04-06T02:25:21.255+0000] {logging_mixin.py:190} INFO - [2025-04-06T02:25:21.255+0000] {override.py:1930} INFO - Created Permission View: can read on DAG Run:example_task_group_decorator
[2025-04-06T02:25:21.266+0000] {logging_mixin.py:190} INFO - [2025-04-06T02:25:21.266+0000] {override.py:1930} INFO - Created Permission View: can delete on DAG Run:example_task_group_decorator
[2025-04-06T02:25:21.266+0000] {logging_mixin.py:190} INFO - [2025-04-06T02:25:21.266+0000] {dag.py:3239} INFO - Sync 1 DAGs
[2025-04-06T02:25:21.275+0000] {logging_mixin.py:190} INFO - [2025-04-06T02:25:21.275+0000] {dag.py:3262} INFO - Creating ORM DAG for example_task_group_decorator
[2025-04-06T02:25:21.276+0000] {logging_mixin.py:190} INFO - [2025-04-06T02:25:21.276+0000] {dag.py:4180} INFO - Setting next_dagrun for example_task_group_decorator to None, run_after=None
[2025-04-06T02:25:21.297+0000] {processor.py:208} INFO - Processing /home/ubuntu/venv/lib/python3.12/site-packages/airflow/example_dags/example_task_group_decorator.py took 0.238 seconds
[2025-04-06T02:26:28.659+0000] {processor.py:186} INFO - Started process (PID=3846) to work on /home/ubuntu/venv/lib/python3.12/site-packages/airflow/example_dags/example_task_group_decorator.py
[2025-04-06T02:26:28.660+0000] {processor.py:914} INFO - Processing file /home/ubuntu/venv/lib/python3.12/site-packages/airflow/example_dags/example_task_group_decorator.py for tasks to queue
[2025-04-06T02:26:28.662+0000] {logging_mixin.py:190} INFO - [2025-04-06T02:26:28.661+0000] {dagbag.py:588} INFO - Filling up the DagBag from /home/ubuntu/venv/lib/python3.12/site-packages/airflow/example_dags/example_task_group_decorator.py
[2025-04-06T02:26:28.675+0000] {processor.py:925} INFO - DAG(s) 'example_task_group_decorator' retrieved from /home/ubuntu/venv/lib/python3.12/site-packages/airflow/example_dags/example_task_group_decorator.py
[2025-04-06T02:26:28.694+0000] {logging_mixin.py:190} INFO - [2025-04-06T02:26:28.694+0000] {dag.py:3239} INFO - Sync 1 DAGs
[2025-04-06T02:26:28.706+0000] {logging_mixin.py:190} INFO - [2025-04-06T02:26:28.706+0000] {dag.py:4180} INFO - Setting next_dagrun for example_task_group_decorator to None, run_after=None
[2025-04-06T02:26:28.729+0000] {processor.py:208} INFO - Processing /home/ubuntu/venv/lib/python3.12/site-packages/airflow/example_dags/example_task_group_decorator.py took 0.076 seconds
