[2025-04-06T02:25:24.499+0000] {processor.py:186} INFO - Started process (PID=3789) to work on /home/ubuntu/venv/lib/python3.12/site-packages/airflow/example_dags/example_short_circuit_decorator.py
[2025-04-06T02:25:24.501+0000] {processor.py:914} INFO - Processing file /home/ubuntu/venv/lib/python3.12/site-packages/airflow/example_dags/example_short_circuit_decorator.py for tasks to queue
[2025-04-06T02:25:24.502+0000] {logging_mixin.py:190} INFO - [2025-04-06T02:25:24.502+0000] {dagbag.py:588} INFO - Filling up the DagBag from /home/ubuntu/venv/lib/python3.12/site-packages/airflow/example_dags/example_short_circuit_decorator.py
[2025-04-06T02:25:24.512+0000] {processor.py:925} INFO - DAG(s) 'example_short_circuit_decorator' retrieved from /home/ubuntu/venv/lib/python3.12/site-packages/airflow/example_dags/example_short_circuit_decorator.py
[2025-04-06T02:25:24.622+0000] {logging_mixin.py:190} INFO - [2025-04-06T02:25:24.622+0000] {override.py:1930} INFO - Created Permission View: can read on DAG:example_short_circuit_decorator
[2025-04-06T02:25:24.636+0000] {logging_mixin.py:190} INFO - [2025-04-06T02:25:24.636+0000] {override.py:1930} INFO - Created Permission View: can edit on DAG:example_short_circuit_decorator
[2025-04-06T02:25:24.646+0000] {logging_mixin.py:190} INFO - [2025-04-06T02:25:24.646+0000] {override.py:1930} INFO - Created Permission View: can delete on DAG:example_short_circuit_decorator
[2025-04-06T02:25:24.665+0000] {logging_mixin.py:190} INFO - [2025-04-06T02:25:24.664+0000] {override.py:1930} INFO - Created Permission View: can create on DAG Run:example_short_circuit_decorator
[2025-04-06T02:25:24.675+0000] {logging_mixin.py:190} INFO - [2025-04-06T02:25:24.675+0000] {override.py:1930} INFO - Created Permission View: menu access on DAG Run:example_short_circuit_decorator
[2025-04-06T02:25:24.686+0000] {logging_mixin.py:190} INFO - [2025-04-06T02:25:24.685+0000] {override.py:1930} INFO - Created Permission View: can read on DAG Run:example_short_circuit_decorator
[2025-04-06T02:25:24.697+0000] {logging_mixin.py:190} INFO - [2025-04-06T02:25:24.696+0000] {override.py:1930} INFO - Created Permission View: can delete on DAG Run:example_short_circuit_decorator
[2025-04-06T02:25:24.697+0000] {logging_mixin.py:190} INFO - [2025-04-06T02:25:24.697+0000] {dag.py:3239} INFO - Sync 1 DAGs
[2025-04-06T02:25:24.706+0000] {logging_mixin.py:190} INFO - [2025-04-06T02:25:24.706+0000] {dag.py:3262} INFO - Creating ORM DAG for example_short_circuit_decorator
[2025-04-06T02:25:24.706+0000] {logging_mixin.py:190} INFO - [2025-04-06T02:25:24.706+0000] {dag.py:4180} INFO - Setting next_dagrun for example_short_circuit_decorator to None, run_after=None
[2025-04-06T02:25:24.729+0000] {processor.py:208} INFO - Processing /home/ubuntu/venv/lib/python3.12/site-packages/airflow/example_dags/example_short_circuit_decorator.py took 0.235 seconds
[2025-04-06T02:26:31.532+0000] {processor.py:186} INFO - Started process (PID=3849) to work on /home/ubuntu/venv/lib/python3.12/site-packages/airflow/example_dags/example_short_circuit_decorator.py
[2025-04-06T02:26:31.534+0000] {processor.py:914} INFO - Processing file /home/ubuntu/venv/lib/python3.12/site-packages/airflow/example_dags/example_short_circuit_decorator.py for tasks to queue
[2025-04-06T02:26:31.536+0000] {logging_mixin.py:190} INFO - [2025-04-06T02:26:31.536+0000] {dagbag.py:588} INFO - Filling up the DagBag from /home/ubuntu/venv/lib/python3.12/site-packages/airflow/example_dags/example_short_circuit_decorator.py
[2025-04-06T02:26:31.548+0000] {processor.py:925} INFO - DAG(s) 'example_short_circuit_decorator' retrieved from /home/ubuntu/venv/lib/python3.12/site-packages/airflow/example_dags/example_short_circuit_decorator.py
[2025-04-06T02:26:31.566+0000] {logging_mixin.py:190} INFO - [2025-04-06T02:26:31.566+0000] {dag.py:3239} INFO - Sync 1 DAGs
[2025-04-06T02:26:31.578+0000] {logging_mixin.py:190} INFO - [2025-04-06T02:26:31.578+0000] {dag.py:4180} INFO - Setting next_dagrun for example_short_circuit_decorator to None, run_after=None
[2025-04-06T02:26:31.599+0000] {processor.py:208} INFO - Processing /home/ubuntu/venv/lib/python3.12/site-packages/airflow/example_dags/example_short_circuit_decorator.py took 0.072 seconds
