[2025-04-06T02:25:50.022+0000] {processor.py:186} INFO - Started process (PID=3811) to work on /home/ubuntu/venv/lib/python3.12/site-packages/airflow/example_dags/example_display_name.py
[2025-04-06T02:25:50.022+0000] {processor.py:914} INFO - Processing file /home/ubuntu/venv/lib/python3.12/site-packages/airflow/example_dags/example_display_name.py for tasks to queue
[2025-04-06T02:25:50.024+0000] {logging_mixin.py:190} INFO - [2025-04-06T02:25:50.024+0000] {dagbag.py:588} INFO - Filling up the DagBag from /home/ubuntu/venv/lib/python3.12/site-packages/airflow/example_dags/example_display_name.py
[2025-04-06T02:25:50.033+0000] {processor.py:925} INFO - DAG(s) 'example_display_name' retrieved from /home/ubuntu/venv/lib/python3.12/site-packages/airflow/example_dags/example_display_name.py
[2025-04-06T02:25:50.133+0000] {logging_mixin.py:190} INFO - [2025-04-06T02:25:50.133+0000] {override.py:1930} INFO - Created Permission View: can read on DAG:example_display_name
[2025-04-06T02:25:50.148+0000] {logging_mixin.py:190} INFO - [2025-04-06T02:25:50.147+0000] {override.py:1930} INFO - Created Permission View: can edit on DAG:example_display_name
[2025-04-06T02:25:50.158+0000] {logging_mixin.py:190} INFO - [2025-04-06T02:25:50.158+0000] {override.py:1930} INFO - Created Permission View: can delete on DAG:example_display_name
[2025-04-06T02:25:50.179+0000] {logging_mixin.py:190} INFO - [2025-04-06T02:25:50.179+0000] {override.py:1930} INFO - Created Permission View: can create on DAG Run:example_display_name
[2025-04-06T02:25:50.190+0000] {logging_mixin.py:190} INFO - [2025-04-06T02:25:50.189+0000] {override.py:1930} INFO - Created Permission View: menu access on DAG Run:example_display_name
[2025-04-06T02:25:50.201+0000] {logging_mixin.py:190} INFO - [2025-04-06T02:25:50.200+0000] {override.py:1930} INFO - Created Permission View: can read on DAG Run:example_display_name
[2025-04-06T02:25:50.212+0000] {logging_mixin.py:190} INFO - [2025-04-06T02:25:50.211+0000] {override.py:1930} INFO - Created Permission View: can delete on DAG Run:example_display_name
[2025-04-06T02:25:50.212+0000] {logging_mixin.py:190} INFO - [2025-04-06T02:25:50.212+0000] {dag.py:3239} INFO - Sync 1 DAGs
[2025-04-06T02:25:50.223+0000] {logging_mixin.py:190} INFO - [2025-04-06T02:25:50.223+0000] {dag.py:3262} INFO - Creating ORM DAG for example_display_name
[2025-04-06T02:25:50.225+0000] {logging_mixin.py:190} INFO - [2025-04-06T02:25:50.224+0000] {dag.py:4180} INFO - Setting next_dagrun for example_display_name to None, run_after=None
[2025-04-06T02:25:50.245+0000] {processor.py:208} INFO - Processing /home/ubuntu/venv/lib/python3.12/site-packages/airflow/example_dags/example_display_name.py took 0.230 seconds
[2025-04-06T02:26:53.481+0000] {processor.py:186} INFO - Started process (PID=3897) to work on /home/ubuntu/venv/lib/python3.12/site-packages/airflow/example_dags/example_display_name.py
[2025-04-06T02:26:53.483+0000] {processor.py:914} INFO - Processing file /home/ubuntu/venv/lib/python3.12/site-packages/airflow/example_dags/example_display_name.py for tasks to queue
[2025-04-06T02:26:53.485+0000] {logging_mixin.py:190} INFO - [2025-04-06T02:26:53.485+0000] {dagbag.py:588} INFO - Filling up the DagBag from /home/ubuntu/venv/lib/python3.12/site-packages/airflow/example_dags/example_display_name.py
[2025-04-06T02:26:53.497+0000] {processor.py:925} INFO - DAG(s) 'example_display_name' retrieved from /home/ubuntu/venv/lib/python3.12/site-packages/airflow/example_dags/example_display_name.py
[2025-04-06T02:26:53.516+0000] {logging_mixin.py:190} INFO - [2025-04-06T02:26:53.516+0000] {dag.py:3239} INFO - Sync 1 DAGs
[2025-04-06T02:26:53.541+0000] {logging_mixin.py:190} INFO - [2025-04-06T02:26:53.541+0000] {dag.py:4180} INFO - Setting next_dagrun for example_display_name to None, run_after=None
[2025-04-06T02:26:53.568+0000] {processor.py:208} INFO - Processing /home/ubuntu/venv/lib/python3.12/site-packages/airflow/example_dags/example_display_name.py took 0.103 seconds
