[2025-04-06T02:25:39.209+0000] {processor.py:186} INFO - Started process (PID=3801) to work on /home/ubuntu/venv/lib/python3.12/site-packages/airflow/example_dags/example_nested_branch_dag.py
[2025-04-06T02:25:39.210+0000] {processor.py:914} INFO - Processing file /home/ubuntu/venv/lib/python3.12/site-packages/airflow/example_dags/example_nested_branch_dag.py for tasks to queue
[2025-04-06T02:25:39.211+0000] {logging_mixin.py:190} INFO - [2025-04-06T02:25:39.211+0000] {dagbag.py:588} INFO - Filling up the DagBag from /home/ubuntu/venv/lib/python3.12/site-packages/airflow/example_dags/example_nested_branch_dag.py
[2025-04-06T02:25:39.226+0000] {processor.py:925} INFO - DAG(s) 'example_nested_branch_dag' retrieved from /home/ubuntu/venv/lib/python3.12/site-packages/airflow/example_dags/example_nested_branch_dag.py
[2025-04-06T02:25:39.328+0000] {logging_mixin.py:190} INFO - [2025-04-06T02:25:39.328+0000] {override.py:1930} INFO - Created Permission View: can read on DAG:example_nested_branch_dag
[2025-04-06T02:25:39.342+0000] {logging_mixin.py:190} INFO - [2025-04-06T02:25:39.341+0000] {override.py:1930} INFO - Created Permission View: can edit on DAG:example_nested_branch_dag
[2025-04-06T02:25:39.354+0000] {logging_mixin.py:190} INFO - [2025-04-06T02:25:39.354+0000] {override.py:1930} INFO - Created Permission View: can delete on DAG:example_nested_branch_dag
[2025-04-06T02:25:39.371+0000] {logging_mixin.py:190} INFO - [2025-04-06T02:25:39.371+0000] {override.py:1930} INFO - Created Permission View: can create on DAG Run:example_nested_branch_dag
[2025-04-06T02:25:39.381+0000] {logging_mixin.py:190} INFO - [2025-04-06T02:25:39.381+0000] {override.py:1930} INFO - Created Permission View: menu access on DAG Run:example_nested_branch_dag
[2025-04-06T02:25:39.393+0000] {logging_mixin.py:190} INFO - [2025-04-06T02:25:39.392+0000] {override.py:1930} INFO - Created Permission View: can read on DAG Run:example_nested_branch_dag
[2025-04-06T02:25:39.404+0000] {logging_mixin.py:190} INFO - [2025-04-06T02:25:39.403+0000] {override.py:1930} INFO - Created Permission View: can delete on DAG Run:example_nested_branch_dag
[2025-04-06T02:25:39.404+0000] {logging_mixin.py:190} INFO - [2025-04-06T02:25:39.404+0000] {dag.py:3239} INFO - Sync 1 DAGs
[2025-04-06T02:25:39.414+0000] {logging_mixin.py:190} INFO - [2025-04-06T02:25:39.414+0000] {dag.py:3262} INFO - Creating ORM DAG for example_nested_branch_dag
[2025-04-06T02:25:39.422+0000] {logging_mixin.py:190} INFO - [2025-04-06T02:25:39.422+0000] {dag.py:4180} INFO - Setting next_dagrun for example_nested_branch_dag to 2025-04-05 00:00:00+00:00, run_after=2025-04-06 00:00:00+00:00
[2025-04-06T02:25:39.440+0000] {processor.py:208} INFO - Processing /home/ubuntu/venv/lib/python3.12/site-packages/airflow/example_dags/example_nested_branch_dag.py took 0.236 seconds
[2025-04-06T02:26:42.171+0000] {processor.py:186} INFO - Started process (PID=3860) to work on /home/ubuntu/venv/lib/python3.12/site-packages/airflow/example_dags/example_nested_branch_dag.py
[2025-04-06T02:26:42.173+0000] {processor.py:914} INFO - Processing file /home/ubuntu/venv/lib/python3.12/site-packages/airflow/example_dags/example_nested_branch_dag.py for tasks to queue
[2025-04-06T02:26:42.175+0000] {logging_mixin.py:190} INFO - [2025-04-06T02:26:42.175+0000] {dagbag.py:588} INFO - Filling up the DagBag from /home/ubuntu/venv/lib/python3.12/site-packages/airflow/example_dags/example_nested_branch_dag.py
[2025-04-06T02:26:42.188+0000] {processor.py:925} INFO - DAG(s) 'example_nested_branch_dag' retrieved from /home/ubuntu/venv/lib/python3.12/site-packages/airflow/example_dags/example_nested_branch_dag.py
[2025-04-06T02:26:42.204+0000] {logging_mixin.py:190} INFO - [2025-04-06T02:26:42.204+0000] {dag.py:3239} INFO - Sync 1 DAGs
[2025-04-06T02:26:42.223+0000] {logging_mixin.py:190} INFO - [2025-04-06T02:26:42.222+0000] {dag.py:4180} INFO - Setting next_dagrun for example_nested_branch_dag to 2025-04-05 00:00:00+00:00, run_after=2025-04-06 00:00:00+00:00
[2025-04-06T02:26:42.245+0000] {processor.py:208} INFO - Processing /home/ubuntu/venv/lib/python3.12/site-packages/airflow/example_dags/example_nested_branch_dag.py took 0.079 seconds
