[2025-04-06T02:25:31.184+0000] {processor.py:186} INFO - Started process (PID=3795) to work on /home/ubuntu/venv/lib/python3.12/site-packages/airflow/example_dags/example_short_circuit_operator.py
[2025-04-06T02:25:31.185+0000] {processor.py:914} INFO - Processing file /home/ubuntu/venv/lib/python3.12/site-packages/airflow/example_dags/example_short_circuit_operator.py for tasks to queue
[2025-04-06T02:25:31.187+0000] {logging_mixin.py:190} INFO - [2025-04-06T02:25:31.187+0000] {dagbag.py:588} INFO - Filling up the DagBag from /home/ubuntu/venv/lib/python3.12/site-packages/airflow/example_dags/example_short_circuit_operator.py
[2025-04-06T02:25:31.195+0000] {processor.py:925} INFO - DAG(s) 'example_short_circuit_operator' retrieved from /home/ubuntu/venv/lib/python3.12/site-packages/airflow/example_dags/example_short_circuit_operator.py
[2025-04-06T02:25:31.301+0000] {logging_mixin.py:190} INFO - [2025-04-06T02:25:31.300+0000] {override.py:1930} INFO - Created Permission View: can read on DAG:example_short_circuit_operator
[2025-04-06T02:25:31.316+0000] {logging_mixin.py:190} INFO - [2025-04-06T02:25:31.315+0000] {override.py:1930} INFO - Created Permission View: can edit on DAG:example_short_circuit_operator
[2025-04-06T02:25:31.325+0000] {logging_mixin.py:190} INFO - [2025-04-06T02:25:31.325+0000] {override.py:1930} INFO - Created Permission View: can delete on DAG:example_short_circuit_operator
[2025-04-06T02:25:31.343+0000] {logging_mixin.py:190} INFO - [2025-04-06T02:25:31.343+0000] {override.py:1930} INFO - Created Permission View: can create on DAG Run:example_short_circuit_operator
[2025-04-06T02:25:31.352+0000] {logging_mixin.py:190} INFO - [2025-04-06T02:25:31.351+0000] {override.py:1930} INFO - Created Permission View: menu access on DAG Run:example_short_circuit_operator
[2025-04-06T02:25:31.361+0000] {logging_mixin.py:190} INFO - [2025-04-06T02:25:31.361+0000] {override.py:1930} INFO - Created Permission View: can read on DAG Run:example_short_circuit_operator
[2025-04-06T02:25:31.372+0000] {logging_mixin.py:190} INFO - [2025-04-06T02:25:31.371+0000] {override.py:1930} INFO - Created Permission View: can delete on DAG Run:example_short_circuit_operator
[2025-04-06T02:25:31.372+0000] {logging_mixin.py:190} INFO - [2025-04-06T02:25:31.372+0000] {dag.py:3239} INFO - Sync 1 DAGs
[2025-04-06T02:25:31.382+0000] {logging_mixin.py:190} INFO - [2025-04-06T02:25:31.382+0000] {dag.py:3262} INFO - Creating ORM DAG for example_short_circuit_operator
[2025-04-06T02:25:31.383+0000] {logging_mixin.py:190} INFO - [2025-04-06T02:25:31.383+0000] {dag.py:4180} INFO - Setting next_dagrun for example_short_circuit_operator to None, run_after=None
[2025-04-06T02:25:31.405+0000] {processor.py:208} INFO - Processing /home/ubuntu/venv/lib/python3.12/site-packages/airflow/example_dags/example_short_circuit_operator.py took 0.226 seconds
[2025-04-06T02:26:36.595+0000] {processor.py:186} INFO - Started process (PID=3854) to work on /home/ubuntu/venv/lib/python3.12/site-packages/airflow/example_dags/example_short_circuit_operator.py
[2025-04-06T02:26:36.598+0000] {processor.py:914} INFO - Processing file /home/ubuntu/venv/lib/python3.12/site-packages/airflow/example_dags/example_short_circuit_operator.py for tasks to queue
[2025-04-06T02:26:36.599+0000] {logging_mixin.py:190} INFO - [2025-04-06T02:26:36.599+0000] {dagbag.py:588} INFO - Filling up the DagBag from /home/ubuntu/venv/lib/python3.12/site-packages/airflow/example_dags/example_short_circuit_operator.py
[2025-04-06T02:26:36.608+0000] {processor.py:925} INFO - DAG(s) 'example_short_circuit_operator' retrieved from /home/ubuntu/venv/lib/python3.12/site-packages/airflow/example_dags/example_short_circuit_operator.py
[2025-04-06T02:26:36.626+0000] {logging_mixin.py:190} INFO - [2025-04-06T02:26:36.625+0000] {dag.py:3239} INFO - Sync 1 DAGs
[2025-04-06T02:26:36.637+0000] {logging_mixin.py:190} INFO - [2025-04-06T02:26:36.637+0000] {dag.py:4180} INFO - Setting next_dagrun for example_short_circuit_operator to None, run_after=None
[2025-04-06T02:26:36.661+0000] {processor.py:208} INFO - Processing /home/ubuntu/venv/lib/python3.12/site-packages/airflow/example_dags/example_short_circuit_operator.py took 0.071 seconds
