[2025-04-06T02:25:25.835+0000] {processor.py:186} INFO - Started process (PID=3790) to work on /home/ubuntu/venv/lib/python3.12/site-packages/airflow/example_dags/example_setup_teardown.py
[2025-04-06T02:25:25.836+0000] {processor.py:914} INFO - Processing file /home/ubuntu/venv/lib/python3.12/site-packages/airflow/example_dags/example_setup_teardown.py for tasks to queue
[2025-04-06T02:25:25.837+0000] {logging_mixin.py:190} INFO - [2025-04-06T02:25:25.837+0000] {dagbag.py:588} INFO - Filling up the DagBag from /home/ubuntu/venv/lib/python3.12/site-packages/airflow/example_dags/example_setup_teardown.py
[2025-04-06T02:25:25.846+0000] {processor.py:925} INFO - DAG(s) 'example_setup_teardown' retrieved from /home/ubuntu/venv/lib/python3.12/site-packages/airflow/example_dags/example_setup_teardown.py
[2025-04-06T02:25:25.953+0000] {logging_mixin.py:190} INFO - [2025-04-06T02:25:25.953+0000] {override.py:1930} INFO - Created Permission View: can read on DAG:example_setup_teardown
[2025-04-06T02:25:25.966+0000] {logging_mixin.py:190} INFO - [2025-04-06T02:25:25.966+0000] {override.py:1930} INFO - Created Permission View: can edit on DAG:example_setup_teardown
[2025-04-06T02:25:25.979+0000] {logging_mixin.py:190} INFO - [2025-04-06T02:25:25.978+0000] {override.py:1930} INFO - Created Permission View: can delete on DAG:example_setup_teardown
[2025-04-06T02:25:25.998+0000] {logging_mixin.py:190} INFO - [2025-04-06T02:25:25.997+0000] {override.py:1930} INFO - Created Permission View: can create on DAG Run:example_setup_teardown
[2025-04-06T02:25:26.010+0000] {logging_mixin.py:190} INFO - [2025-04-06T02:25:26.009+0000] {override.py:1930} INFO - Created Permission View: menu access on DAG Run:example_setup_teardown
[2025-04-06T02:25:26.022+0000] {logging_mixin.py:190} INFO - [2025-04-06T02:25:26.021+0000] {override.py:1930} INFO - Created Permission View: can read on DAG Run:example_setup_teardown
[2025-04-06T02:25:26.032+0000] {logging_mixin.py:190} INFO - [2025-04-06T02:25:26.032+0000] {override.py:1930} INFO - Created Permission View: can delete on DAG Run:example_setup_teardown
[2025-04-06T02:25:26.032+0000] {logging_mixin.py:190} INFO - [2025-04-06T02:25:26.032+0000] {dag.py:3239} INFO - Sync 1 DAGs
[2025-04-06T02:25:26.042+0000] {logging_mixin.py:190} INFO - [2025-04-06T02:25:26.042+0000] {dag.py:3262} INFO - Creating ORM DAG for example_setup_teardown
[2025-04-06T02:25:26.043+0000] {logging_mixin.py:190} INFO - [2025-04-06T02:25:26.042+0000] {dag.py:4180} INFO - Setting next_dagrun for example_setup_teardown to None, run_after=None
[2025-04-06T02:25:26.063+0000] {processor.py:208} INFO - Processing /home/ubuntu/venv/lib/python3.12/site-packages/airflow/example_dags/example_setup_teardown.py took 0.233 seconds
[2025-04-06T02:26:32.027+0000] {processor.py:186} INFO - Started process (PID=3850) to work on /home/ubuntu/venv/lib/python3.12/site-packages/airflow/example_dags/example_setup_teardown.py
[2025-04-06T02:26:32.029+0000] {processor.py:914} INFO - Processing file /home/ubuntu/venv/lib/python3.12/site-packages/airflow/example_dags/example_setup_teardown.py for tasks to queue
[2025-04-06T02:26:32.031+0000] {logging_mixin.py:190} INFO - [2025-04-06T02:26:32.031+0000] {dagbag.py:588} INFO - Filling up the DagBag from /home/ubuntu/venv/lib/python3.12/site-packages/airflow/example_dags/example_setup_teardown.py
[2025-04-06T02:26:32.040+0000] {processor.py:925} INFO - DAG(s) 'example_setup_teardown' retrieved from /home/ubuntu/venv/lib/python3.12/site-packages/airflow/example_dags/example_setup_teardown.py
[2025-04-06T02:26:32.056+0000] {logging_mixin.py:190} INFO - [2025-04-06T02:26:32.055+0000] {dag.py:3239} INFO - Sync 1 DAGs
[2025-04-06T02:26:32.067+0000] {logging_mixin.py:190} INFO - [2025-04-06T02:26:32.067+0000] {dag.py:4180} INFO - Setting next_dagrun for example_setup_teardown to None, run_after=None
[2025-04-06T02:26:32.089+0000] {processor.py:208} INFO - Processing /home/ubuntu/venv/lib/python3.12/site-packages/airflow/example_dags/example_setup_teardown.py took 0.067 seconds
