[2025-04-06T02:25:20.481+0000] {processor.py:186} INFO - Started process (PID=3785) to work on /home/ubuntu/venv/lib/python3.12/site-packages/airflow/example_dags/example_xcomargs.py
[2025-04-06T02:25:20.481+0000] {processor.py:914} INFO - Processing file /home/ubuntu/venv/lib/python3.12/site-packages/airflow/example_dags/example_xcomargs.py for tasks to queue
[2025-04-06T02:25:20.484+0000] {logging_mixin.py:190} INFO - [2025-04-06T02:25:20.484+0000] {dagbag.py:588} INFO - Filling up the DagBag from /home/ubuntu/venv/lib/python3.12/site-packages/airflow/example_dags/example_xcomargs.py
[2025-04-06T02:25:20.493+0000] {processor.py:925} INFO - DAG(s) 'example_xcom_args', 'example_xcom_args_with_operators' retrieved from /home/ubuntu/venv/lib/python3.12/site-packages/airflow/example_dags/example_xcomargs.py
[2025-04-06T02:25:20.596+0000] {logging_mixin.py:190} INFO - [2025-04-06T02:25:20.595+0000] {override.py:1930} INFO - Created Permission View: can read on DAG:example_xcom_args
[2025-04-06T02:25:20.609+0000] {logging_mixin.py:190} INFO - [2025-04-06T02:25:20.609+0000] {override.py:1930} INFO - Created Permission View: can edit on DAG:example_xcom_args
[2025-04-06T02:25:20.620+0000] {logging_mixin.py:190} INFO - [2025-04-06T02:25:20.620+0000] {override.py:1930} INFO - Created Permission View: can delete on DAG:example_xcom_args
[2025-04-06T02:25:20.639+0000] {logging_mixin.py:190} INFO - [2025-04-06T02:25:20.638+0000] {override.py:1930} INFO - Created Permission View: can create on DAG Run:example_xcom_args
[2025-04-06T02:25:20.649+0000] {logging_mixin.py:190} INFO - [2025-04-06T02:25:20.648+0000] {override.py:1930} INFO - Created Permission View: menu access on DAG Run:example_xcom_args
[2025-04-06T02:25:20.659+0000] {logging_mixin.py:190} INFO - [2025-04-06T02:25:20.659+0000] {override.py:1930} INFO - Created Permission View: can read on DAG Run:example_xcom_args
[2025-04-06T02:25:20.671+0000] {logging_mixin.py:190} INFO - [2025-04-06T02:25:20.671+0000] {override.py:1930} INFO - Created Permission View: can delete on DAG Run:example_xcom_args
[2025-04-06T02:25:20.713+0000] {logging_mixin.py:190} INFO - [2025-04-06T02:25:20.712+0000] {override.py:1930} INFO - Created Permission View: can read on DAG:example_xcom_args_with_operators
[2025-04-06T02:25:20.724+0000] {logging_mixin.py:190} INFO - [2025-04-06T02:25:20.723+0000] {override.py:1930} INFO - Created Permission View: can edit on DAG:example_xcom_args_with_operators
[2025-04-06T02:25:20.734+0000] {logging_mixin.py:190} INFO - [2025-04-06T02:25:20.734+0000] {override.py:1930} INFO - Created Permission View: can delete on DAG:example_xcom_args_with_operators
[2025-04-06T02:25:20.753+0000] {logging_mixin.py:190} INFO - [2025-04-06T02:25:20.753+0000] {override.py:1930} INFO - Created Permission View: can create on DAG Run:example_xcom_args_with_operators
[2025-04-06T02:25:20.764+0000] {logging_mixin.py:190} INFO - [2025-04-06T02:25:20.764+0000] {override.py:1930} INFO - Created Permission View: menu access on DAG Run:example_xcom_args_with_operators
[2025-04-06T02:25:20.784+0000] {logging_mixin.py:190} INFO - [2025-04-06T02:25:20.784+0000] {override.py:1930} INFO - Created Permission View: can read on DAG Run:example_xcom_args_with_operators
[2025-04-06T02:25:20.796+0000] {logging_mixin.py:190} INFO - [2025-04-06T02:25:20.796+0000] {override.py:1930} INFO - Created Permission View: can delete on DAG Run:example_xcom_args_with_operators
[2025-04-06T02:25:20.797+0000] {logging_mixin.py:190} INFO - [2025-04-06T02:25:20.796+0000] {dag.py:3239} INFO - Sync 2 DAGs
[2025-04-06T02:25:20.806+0000] {logging_mixin.py:190} INFO - [2025-04-06T02:25:20.806+0000] {dag.py:3262} INFO - Creating ORM DAG for example_xcom_args_with_operators
[2025-04-06T02:25:20.808+0000] {logging_mixin.py:190} INFO - [2025-04-06T02:25:20.808+0000] {dag.py:3262} INFO - Creating ORM DAG for example_xcom_args
[2025-04-06T02:25:20.808+0000] {logging_mixin.py:190} INFO - [2025-04-06T02:25:20.808+0000] {dag.py:4180} INFO - Setting next_dagrun for example_xcom_args to None, run_after=None
[2025-04-06T02:25:20.808+0000] {logging_mixin.py:190} INFO - [2025-04-06T02:25:20.808+0000] {dag.py:4180} INFO - Setting next_dagrun for example_xcom_args_with_operators to None, run_after=None
[2025-04-06T02:25:20.830+0000] {processor.py:208} INFO - Processing /home/ubuntu/venv/lib/python3.12/site-packages/airflow/example_dags/example_xcomargs.py took 0.355 seconds
[2025-04-06T02:26:27.522+0000] {processor.py:186} INFO - Started process (PID=3845) to work on /home/ubuntu/venv/lib/python3.12/site-packages/airflow/example_dags/example_xcomargs.py
[2025-04-06T02:26:27.523+0000] {processor.py:914} INFO - Processing file /home/ubuntu/venv/lib/python3.12/site-packages/airflow/example_dags/example_xcomargs.py for tasks to queue
[2025-04-06T02:26:27.525+0000] {logging_mixin.py:190} INFO - [2025-04-06T02:26:27.525+0000] {dagbag.py:588} INFO - Filling up the DagBag from /home/ubuntu/venv/lib/python3.12/site-packages/airflow/example_dags/example_xcomargs.py
[2025-04-06T02:26:27.535+0000] {processor.py:925} INFO - DAG(s) 'example_xcom_args_with_operators', 'example_xcom_args' retrieved from /home/ubuntu/venv/lib/python3.12/site-packages/airflow/example_dags/example_xcomargs.py
[2025-04-06T02:26:27.553+0000] {logging_mixin.py:190} INFO - [2025-04-06T02:26:27.553+0000] {dag.py:3239} INFO - Sync 2 DAGs
[2025-04-06T02:26:27.565+0000] {logging_mixin.py:190} INFO - [2025-04-06T02:26:27.565+0000] {dag.py:4180} INFO - Setting next_dagrun for example_xcom_args to None, run_after=None
[2025-04-06T02:26:27.568+0000] {logging_mixin.py:190} INFO - [2025-04-06T02:26:27.568+0000] {dag.py:4180} INFO - Setting next_dagrun for example_xcom_args_with_operators to None, run_after=None
[2025-04-06T02:26:27.588+0000] {processor.py:208} INFO - Processing /home/ubuntu/venv/lib/python3.12/site-packages/airflow/example_dags/example_xcomargs.py took 0.071 seconds
