[2025-04-06T02:25:28.511+0000] {processor.py:186} INFO - Started process (PID=3792) to work on /home/ubuntu/venv/lib/python3.12/site-packages/airflow/example_dags/example_setup_teardown_taskflow.py
[2025-04-06T02:25:28.512+0000] {processor.py:914} INFO - Processing file /home/ubuntu/venv/lib/python3.12/site-packages/airflow/example_dags/example_setup_teardown_taskflow.py for tasks to queue
[2025-04-06T02:25:28.513+0000] {logging_mixin.py:190} INFO - [2025-04-06T02:25:28.513+0000] {dagbag.py:588} INFO - Filling up the DagBag from /home/ubuntu/venv/lib/python3.12/site-packages/airflow/example_dags/example_setup_teardown_taskflow.py
[2025-04-06T02:25:28.524+0000] {processor.py:925} INFO - DAG(s) 'example_setup_teardown_taskflow' retrieved from /home/ubuntu/venv/lib/python3.12/site-packages/airflow/example_dags/example_setup_teardown_taskflow.py
[2025-04-06T02:25:28.631+0000] {logging_mixin.py:190} INFO - [2025-04-06T02:25:28.630+0000] {override.py:1930} INFO - Created Permission View: can read on DAG:example_setup_teardown_taskflow
[2025-04-06T02:25:28.644+0000] {logging_mixin.py:190} INFO - [2025-04-06T02:25:28.643+0000] {override.py:1930} INFO - Created Permission View: can edit on DAG:example_setup_teardown_taskflow
[2025-04-06T02:25:28.654+0000] {logging_mixin.py:190} INFO - [2025-04-06T02:25:28.654+0000] {override.py:1930} INFO - Created Permission View: can delete on DAG:example_setup_teardown_taskflow
[2025-04-06T02:25:28.672+0000] {logging_mixin.py:190} INFO - [2025-04-06T02:25:28.672+0000] {override.py:1930} INFO - Created Permission View: can create on DAG Run:example_setup_teardown_taskflow
[2025-04-06T02:25:28.684+0000] {logging_mixin.py:190} INFO - [2025-04-06T02:25:28.684+0000] {override.py:1930} INFO - Created Permission View: menu access on DAG Run:example_setup_teardown_taskflow
[2025-04-06T02:25:28.695+0000] {logging_mixin.py:190} INFO - [2025-04-06T02:25:28.694+0000] {override.py:1930} INFO - Created Permission View: can read on DAG Run:example_setup_teardown_taskflow
[2025-04-06T02:25:28.705+0000] {logging_mixin.py:190} INFO - [2025-04-06T02:25:28.704+0000] {override.py:1930} INFO - Created Permission View: can delete on DAG Run:example_setup_teardown_taskflow
[2025-04-06T02:25:28.705+0000] {logging_mixin.py:190} INFO - [2025-04-06T02:25:28.705+0000] {dag.py:3239} INFO - Sync 1 DAGs
[2025-04-06T02:25:28.714+0000] {logging_mixin.py:190} INFO - [2025-04-06T02:25:28.714+0000] {dag.py:3262} INFO - Creating ORM DAG for example_setup_teardown_taskflow
[2025-04-06T02:25:28.715+0000] {logging_mixin.py:190} INFO - [2025-04-06T02:25:28.714+0000] {dag.py:4180} INFO - Setting next_dagrun for example_setup_teardown_taskflow to None, run_after=None
[2025-04-06T02:25:28.738+0000] {processor.py:208} INFO - Processing /home/ubuntu/venv/lib/python3.12/site-packages/airflow/example_dags/example_setup_teardown_taskflow.py took 0.232 seconds
[2025-04-06T02:26:34.309+0000] {processor.py:186} INFO - Started process (PID=3852) to work on /home/ubuntu/venv/lib/python3.12/site-packages/airflow/example_dags/example_setup_teardown_taskflow.py
[2025-04-06T02:26:34.311+0000] {processor.py:914} INFO - Processing file /home/ubuntu/venv/lib/python3.12/site-packages/airflow/example_dags/example_setup_teardown_taskflow.py for tasks to queue
[2025-04-06T02:26:34.312+0000] {logging_mixin.py:190} INFO - [2025-04-06T02:26:34.312+0000] {dagbag.py:588} INFO - Filling up the DagBag from /home/ubuntu/venv/lib/python3.12/site-packages/airflow/example_dags/example_setup_teardown_taskflow.py
[2025-04-06T02:26:34.322+0000] {processor.py:925} INFO - DAG(s) 'example_setup_teardown_taskflow' retrieved from /home/ubuntu/venv/lib/python3.12/site-packages/airflow/example_dags/example_setup_teardown_taskflow.py
[2025-04-06T02:26:34.341+0000] {logging_mixin.py:190} INFO - [2025-04-06T02:26:34.341+0000] {dag.py:3239} INFO - Sync 1 DAGs
[2025-04-06T02:26:34.353+0000] {logging_mixin.py:190} INFO - [2025-04-06T02:26:34.353+0000] {dag.py:4180} INFO - Setting next_dagrun for example_setup_teardown_taskflow to None, run_after=None
[2025-04-06T02:26:34.376+0000] {processor.py:208} INFO - Processing /home/ubuntu/venv/lib/python3.12/site-packages/airflow/example_dags/example_setup_teardown_taskflow.py took 0.071 seconds
