[2025-04-06T02:25:35.404+0000] {processor.py:186} INFO - Started process (PID=3798) to work on /home/ubuntu/venv/lib/python3.12/site-packages/airflow/example_dags/example_sensors.py
[2025-04-06T02:25:35.404+0000] {processor.py:914} INFO - Processing file /home/ubuntu/venv/lib/python3.12/site-packages/airflow/example_dags/example_sensors.py for tasks to queue
[2025-04-06T02:25:35.406+0000] {logging_mixin.py:190} INFO - [2025-04-06T02:25:35.405+0000] {dagbag.py:588} INFO - Filling up the DagBag from /home/ubuntu/venv/lib/python3.12/site-packages/airflow/example_dags/example_sensors.py
[2025-04-06T02:25:35.418+0000] {processor.py:925} INFO - DAG(s) 'example_sensors' retrieved from /home/ubuntu/venv/lib/python3.12/site-packages/airflow/example_dags/example_sensors.py
[2025-04-06T02:25:35.526+0000] {logging_mixin.py:190} INFO - [2025-04-06T02:25:35.525+0000] {override.py:1930} INFO - Created Permission View: can read on DAG:example_sensors
[2025-04-06T02:25:35.540+0000] {logging_mixin.py:190} INFO - [2025-04-06T02:25:35.539+0000] {override.py:1930} INFO - Created Permission View: can edit on DAG:example_sensors
[2025-04-06T02:25:35.551+0000] {logging_mixin.py:190} INFO - [2025-04-06T02:25:35.551+0000] {override.py:1930} INFO - Created Permission View: can delete on DAG:example_sensors
[2025-04-06T02:25:35.569+0000] {logging_mixin.py:190} INFO - [2025-04-06T02:25:35.568+0000] {override.py:1930} INFO - Created Permission View: can create on DAG Run:example_sensors
[2025-04-06T02:25:35.579+0000] {logging_mixin.py:190} INFO - [2025-04-06T02:25:35.579+0000] {override.py:1930} INFO - Created Permission View: menu access on DAG Run:example_sensors
[2025-04-06T02:25:35.591+0000] {logging_mixin.py:190} INFO - [2025-04-06T02:25:35.591+0000] {override.py:1930} INFO - Created Permission View: can read on DAG Run:example_sensors
[2025-04-06T02:25:35.602+0000] {logging_mixin.py:190} INFO - [2025-04-06T02:25:35.602+0000] {override.py:1930} INFO - Created Permission View: can delete on DAG Run:example_sensors
[2025-04-06T02:25:35.603+0000] {logging_mixin.py:190} INFO - [2025-04-06T02:25:35.602+0000] {dag.py:3239} INFO - Sync 1 DAGs
[2025-04-06T02:25:35.612+0000] {logging_mixin.py:190} INFO - [2025-04-06T02:25:35.612+0000] {dag.py:3262} INFO - Creating ORM DAG for example_sensors
[2025-04-06T02:25:35.613+0000] {logging_mixin.py:190} INFO - [2025-04-06T02:25:35.613+0000] {dag.py:4180} INFO - Setting next_dagrun for example_sensors to None, run_after=None
[2025-04-06T02:25:35.634+0000] {processor.py:208} INFO - Processing /home/ubuntu/venv/lib/python3.12/site-packages/airflow/example_dags/example_sensors.py took 0.235 seconds
[2025-04-06T02:26:40.016+0000] {processor.py:186} INFO - Started process (PID=3857) to work on /home/ubuntu/venv/lib/python3.12/site-packages/airflow/example_dags/example_sensors.py
[2025-04-06T02:26:40.017+0000] {processor.py:914} INFO - Processing file /home/ubuntu/venv/lib/python3.12/site-packages/airflow/example_dags/example_sensors.py for tasks to queue
[2025-04-06T02:26:40.018+0000] {logging_mixin.py:190} INFO - [2025-04-06T02:26:40.018+0000] {dagbag.py:588} INFO - Filling up the DagBag from /home/ubuntu/venv/lib/python3.12/site-packages/airflow/example_dags/example_sensors.py
[2025-04-06T02:26:40.030+0000] {processor.py:925} INFO - DAG(s) 'example_sensors' retrieved from /home/ubuntu/venv/lib/python3.12/site-packages/airflow/example_dags/example_sensors.py
[2025-04-06T02:26:40.050+0000] {logging_mixin.py:190} INFO - [2025-04-06T02:26:40.050+0000] {dag.py:3239} INFO - Sync 1 DAGs
[2025-04-06T02:26:40.061+0000] {logging_mixin.py:190} INFO - [2025-04-06T02:26:40.061+0000] {dag.py:4180} INFO - Setting next_dagrun for example_sensors to None, run_after=None
[2025-04-06T02:26:40.083+0000] {processor.py:208} INFO - Processing /home/ubuntu/venv/lib/python3.12/site-packages/airflow/example_dags/example_sensors.py took 0.073 seconds
