[2025-04-06T02:25:27.160+0000] {processor.py:186} INFO - Started process (PID=3791) to work on /home/ubuntu/venv/lib/python3.12/site-packages/airflow/example_dags/example_sla_dag.py
[2025-04-06T02:25:27.161+0000] {processor.py:914} INFO - Processing file /home/ubuntu/venv/lib/python3.12/site-packages/airflow/example_dags/example_sla_dag.py for tasks to queue
[2025-04-06T02:25:27.162+0000] {logging_mixin.py:190} INFO - [2025-04-06T02:25:27.162+0000] {dagbag.py:588} INFO - Filling up the DagBag from /home/ubuntu/venv/lib/python3.12/site-packages/airflow/example_dags/example_sla_dag.py
[2025-04-06T02:25:27.173+0000] {processor.py:925} INFO - DAG(s) 'example_sla_dag' retrieved from /home/ubuntu/venv/lib/python3.12/site-packages/airflow/example_dags/example_sla_dag.py
[2025-04-06T02:25:27.274+0000] {logging_mixin.py:190} INFO - [2025-04-06T02:25:27.274+0000] {override.py:1930} INFO - Created Permission View: can read on DAG:example_sla_dag
[2025-04-06T02:25:27.287+0000] {logging_mixin.py:190} INFO - [2025-04-06T02:25:27.287+0000] {override.py:1930} INFO - Created Permission View: can edit on DAG:example_sla_dag
[2025-04-06T02:25:27.298+0000] {logging_mixin.py:190} INFO - [2025-04-06T02:25:27.297+0000] {override.py:1930} INFO - Created Permission View: can delete on DAG:example_sla_dag
[2025-04-06T02:25:27.316+0000] {logging_mixin.py:190} INFO - [2025-04-06T02:25:27.316+0000] {override.py:1930} INFO - Created Permission View: can create on DAG Run:example_sla_dag
[2025-04-06T02:25:27.326+0000] {logging_mixin.py:190} INFO - [2025-04-06T02:25:27.326+0000] {override.py:1930} INFO - Created Permission View: menu access on DAG Run:example_sla_dag
[2025-04-06T02:25:27.337+0000] {logging_mixin.py:190} INFO - [2025-04-06T02:25:27.337+0000] {override.py:1930} INFO - Created Permission View: can read on DAG Run:example_sla_dag
[2025-04-06T02:25:27.347+0000] {logging_mixin.py:190} INFO - [2025-04-06T02:25:27.347+0000] {override.py:1930} INFO - Created Permission View: can delete on DAG Run:example_sla_dag
[2025-04-06T02:25:27.347+0000] {logging_mixin.py:190} INFO - [2025-04-06T02:25:27.347+0000] {dag.py:3239} INFO - Sync 1 DAGs
[2025-04-06T02:25:27.357+0000] {logging_mixin.py:190} INFO - [2025-04-06T02:25:27.357+0000] {dag.py:3262} INFO - Creating ORM DAG for example_sla_dag
[2025-04-06T02:25:27.367+0000] {logging_mixin.py:190} INFO - [2025-04-06T02:25:27.367+0000] {dag.py:4180} INFO - Setting next_dagrun for example_sla_dag to 2025-04-06 02:22:00+00:00, run_after=2025-04-06 02:24:00+00:00
[2025-04-06T02:25:27.388+0000] {processor.py:208} INFO - Processing /home/ubuntu/venv/lib/python3.12/site-packages/airflow/example_dags/example_sla_dag.py took 0.233 seconds
[2025-04-06T02:26:33.171+0000] {processor.py:186} INFO - Started process (PID=3851) to work on /home/ubuntu/venv/lib/python3.12/site-packages/airflow/example_dags/example_sla_dag.py
[2025-04-06T02:26:33.173+0000] {processor.py:914} INFO - Processing file /home/ubuntu/venv/lib/python3.12/site-packages/airflow/example_dags/example_sla_dag.py for tasks to queue
[2025-04-06T02:26:33.175+0000] {logging_mixin.py:190} INFO - [2025-04-06T02:26:33.175+0000] {dagbag.py:588} INFO - Filling up the DagBag from /home/ubuntu/venv/lib/python3.12/site-packages/airflow/example_dags/example_sla_dag.py
[2025-04-06T02:26:33.185+0000] {processor.py:925} INFO - DAG(s) 'example_sla_dag' retrieved from /home/ubuntu/venv/lib/python3.12/site-packages/airflow/example_dags/example_sla_dag.py
[2025-04-06T02:26:33.200+0000] {logging_mixin.py:190} INFO - [2025-04-06T02:26:33.200+0000] {dag.py:3239} INFO - Sync 1 DAGs
[2025-04-06T02:26:33.221+0000] {logging_mixin.py:190} INFO - [2025-04-06T02:26:33.220+0000] {dag.py:4180} INFO - Setting next_dagrun for example_sla_dag to 2025-04-06 02:24:00+00:00, run_after=2025-04-06 02:26:00+00:00
[2025-04-06T02:26:33.243+0000] {processor.py:208} INFO - Processing /home/ubuntu/venv/lib/python3.12/site-packages/airflow/example_dags/example_sla_dag.py took 0.076 seconds
