[2025-04-06T02:26:02.891+0000] {processor.py:186} INFO - Started process (PID=3822) to work on /home/ubuntu/venv/lib/python3.12/site-packages/airflow/example_dags/example_branch_datetime_operator.py
[2025-04-06T02:26:02.892+0000] {processor.py:914} INFO - Processing file /home/ubuntu/venv/lib/python3.12/site-packages/airflow/example_dags/example_branch_datetime_operator.py for tasks to queue
[2025-04-06T02:26:02.894+0000] {logging_mixin.py:190} INFO - [2025-04-06T02:26:02.893+0000] {dagbag.py:588} INFO - Filling up the DagBag from /home/ubuntu/venv/lib/python3.12/site-packages/airflow/example_dags/example_branch_datetime_operator.py
[2025-04-06T02:26:02.907+0000] {processor.py:925} INFO - DAG(s) 'example_branch_datetime_operator_3', 'example_branch_datetime_operator', 'example_branch_datetime_operator_2' retrieved from /home/ubuntu/venv/lib/python3.12/site-packages/airflow/example_dags/example_branch_datetime_operator.py
[2025-04-06T02:26:03.010+0000] {logging_mixin.py:190} INFO - [2025-04-06T02:26:03.009+0000] {override.py:1930} INFO - Created Permission View: can read on DAG:example_branch_datetime_operator_3
[2025-04-06T02:26:03.024+0000] {logging_mixin.py:190} INFO - [2025-04-06T02:26:03.024+0000] {override.py:1930} INFO - Created Permission View: can edit on DAG:example_branch_datetime_operator_3
[2025-04-06T02:26:03.035+0000] {logging_mixin.py:190} INFO - [2025-04-06T02:26:03.034+0000] {override.py:1930} INFO - Created Permission View: can delete on DAG:example_branch_datetime_operator_3
[2025-04-06T02:26:03.053+0000] {logging_mixin.py:190} INFO - [2025-04-06T02:26:03.053+0000] {override.py:1930} INFO - Created Permission View: can create on DAG Run:example_branch_datetime_operator_3
[2025-04-06T02:26:03.065+0000] {logging_mixin.py:190} INFO - [2025-04-06T02:26:03.065+0000] {override.py:1930} INFO - Created Permission View: menu access on DAG Run:example_branch_datetime_operator_3
[2025-04-06T02:26:03.076+0000] {logging_mixin.py:190} INFO - [2025-04-06T02:26:03.075+0000] {override.py:1930} INFO - Created Permission View: can read on DAG Run:example_branch_datetime_operator_3
[2025-04-06T02:26:03.087+0000] {logging_mixin.py:190} INFO - [2025-04-06T02:26:03.087+0000] {override.py:1930} INFO - Created Permission View: can delete on DAG Run:example_branch_datetime_operator_3
[2025-04-06T02:26:03.112+0000] {logging_mixin.py:190} INFO - [2025-04-06T02:26:03.112+0000] {override.py:1930} INFO - Created Permission View: can read on DAG:example_branch_datetime_operator
[2025-04-06T02:26:03.124+0000] {logging_mixin.py:190} INFO - [2025-04-06T02:26:03.124+0000] {override.py:1930} INFO - Created Permission View: can edit on DAG:example_branch_datetime_operator
[2025-04-06T02:26:03.136+0000] {logging_mixin.py:190} INFO - [2025-04-06T02:26:03.136+0000] {override.py:1930} INFO - Created Permission View: can delete on DAG:example_branch_datetime_operator
[2025-04-06T02:26:03.153+0000] {logging_mixin.py:190} INFO - [2025-04-06T02:26:03.153+0000] {override.py:1930} INFO - Created Permission View: can create on DAG Run:example_branch_datetime_operator
[2025-04-06T02:26:03.164+0000] {logging_mixin.py:190} INFO - [2025-04-06T02:26:03.164+0000] {override.py:1930} INFO - Created Permission View: menu access on DAG Run:example_branch_datetime_operator
[2025-04-06T02:26:03.173+0000] {logging_mixin.py:190} INFO - [2025-04-06T02:26:03.173+0000] {override.py:1930} INFO - Created Permission View: can read on DAG Run:example_branch_datetime_operator
[2025-04-06T02:26:03.184+0000] {logging_mixin.py:190} INFO - [2025-04-06T02:26:03.184+0000] {override.py:1930} INFO - Created Permission View: can delete on DAG Run:example_branch_datetime_operator
[2025-04-06T02:26:03.208+0000] {logging_mixin.py:190} INFO - [2025-04-06T02:26:03.208+0000] {override.py:1930} INFO - Created Permission View: can read on DAG:example_branch_datetime_operator_2
[2025-04-06T02:26:03.217+0000] {logging_mixin.py:190} INFO - [2025-04-06T02:26:03.217+0000] {override.py:1930} INFO - Created Permission View: can edit on DAG:example_branch_datetime_operator_2
[2025-04-06T02:26:03.230+0000] {logging_mixin.py:190} INFO - [2025-04-06T02:26:03.230+0000] {override.py:1930} INFO - Created Permission View: can delete on DAG:example_branch_datetime_operator_2
[2025-04-06T02:26:03.248+0000] {logging_mixin.py:190} INFO - [2025-04-06T02:26:03.247+0000] {override.py:1930} INFO - Created Permission View: can create on DAG Run:example_branch_datetime_operator_2
[2025-04-06T02:26:03.258+0000] {logging_mixin.py:190} INFO - [2025-04-06T02:26:03.257+0000] {override.py:1930} INFO - Created Permission View: menu access on DAG Run:example_branch_datetime_operator_2
[2025-04-06T02:26:03.266+0000] {logging_mixin.py:190} INFO - [2025-04-06T02:26:03.266+0000] {override.py:1930} INFO - Created Permission View: can read on DAG Run:example_branch_datetime_operator_2
[2025-04-06T02:26:03.276+0000] {logging_mixin.py:190} INFO - [2025-04-06T02:26:03.276+0000] {override.py:1930} INFO - Created Permission View: can delete on DAG Run:example_branch_datetime_operator_2
[2025-04-06T02:26:03.276+0000] {logging_mixin.py:190} INFO - [2025-04-06T02:26:03.276+0000] {dag.py:3239} INFO - Sync 3 DAGs
[2025-04-06T02:26:03.287+0000] {logging_mixin.py:190} INFO - [2025-04-06T02:26:03.287+0000] {dag.py:3262} INFO - Creating ORM DAG for example_branch_datetime_operator_2
[2025-04-06T02:26:03.288+0000] {logging_mixin.py:190} INFO - [2025-04-06T02:26:03.288+0000] {dag.py:3262} INFO - Creating ORM DAG for example_branch_datetime_operator_3
[2025-04-06T02:26:03.288+0000] {logging_mixin.py:190} INFO - [2025-04-06T02:26:03.288+0000] {dag.py:3262} INFO - Creating ORM DAG for example_branch_datetime_operator
[2025-04-06T02:26:03.297+0000] {logging_mixin.py:190} INFO - [2025-04-06T02:26:03.297+0000] {dag.py:4180} INFO - Setting next_dagrun for example_branch_datetime_operator to 2025-04-05 00:00:00+00:00, run_after=2025-04-06 00:00:00+00:00
[2025-04-06T02:26:03.298+0000] {logging_mixin.py:190} INFO - [2025-04-06T02:26:03.298+0000] {dag.py:4180} INFO - Setting next_dagrun for example_branch_datetime_operator_2 to 2025-04-05 00:00:00+00:00, run_after=2025-04-06 00:00:00+00:00
[2025-04-06T02:26:03.300+0000] {logging_mixin.py:190} INFO - [2025-04-06T02:26:03.299+0000] {dag.py:4180} INFO - Setting next_dagrun for example_branch_datetime_operator_3 to 2025-04-05 00:00:00+00:00, run_after=2025-04-06 00:00:00+00:00
[2025-04-06T02:26:03.324+0000] {processor.py:208} INFO - Processing /home/ubuntu/venv/lib/python3.12/site-packages/airflow/example_dags/example_branch_datetime_operator.py took 0.438 seconds
