[2025-04-06T02:25:56.502+0000] {processor.py:186} INFO - Started process (PID=3816) to work on /home/ubuntu/venv/lib/python3.12/site-packages/airflow/example_dags/example_dynamic_task_mapping_with_no_taskflow_operators.py
[2025-04-06T02:25:56.503+0000] {processor.py:914} INFO - Processing file /home/ubuntu/venv/lib/python3.12/site-packages/airflow/example_dags/example_dynamic_task_mapping_with_no_taskflow_operators.py for tasks to queue
[2025-04-06T02:25:56.504+0000] {logging_mixin.py:190} INFO - [2025-04-06T02:25:56.504+0000] {dagbag.py:588} INFO - Filling up the DagBag from /home/ubuntu/venv/lib/python3.12/site-packages/airflow/example_dags/example_dynamic_task_mapping_with_no_taskflow_operators.py
[2025-04-06T02:25:56.513+0000] {processor.py:925} INFO - DAG(s) 'example_dynamic_task_mapping_with_no_taskflow_operators' retrieved from /home/ubuntu/venv/lib/python3.12/site-packages/airflow/example_dags/example_dynamic_task_mapping_with_no_taskflow_operators.py
[2025-04-06T02:25:56.612+0000] {logging_mixin.py:190} INFO - [2025-04-06T02:25:56.612+0000] {override.py:1930} INFO - Created Permission View: can read on DAG:example_dynamic_task_mapping_with_no_taskflow_operators
[2025-04-06T02:25:56.625+0000] {logging_mixin.py:190} INFO - [2025-04-06T02:25:56.624+0000] {override.py:1930} INFO - Created Permission View: can edit on DAG:example_dynamic_task_mapping_with_no_taskflow_operators
[2025-04-06T02:25:56.635+0000] {logging_mixin.py:190} INFO - [2025-04-06T02:25:56.635+0000] {override.py:1930} INFO - Created Permission View: can delete on DAG:example_dynamic_task_mapping_with_no_taskflow_operators
[2025-04-06T02:25:56.655+0000] {logging_mixin.py:190} INFO - [2025-04-06T02:25:56.655+0000] {override.py:1930} INFO - Created Permission View: can create on DAG Run:example_dynamic_task_mapping_with_no_taskflow_operators
[2025-04-06T02:25:56.664+0000] {logging_mixin.py:190} INFO - [2025-04-06T02:25:56.664+0000] {override.py:1930} INFO - Created Permission View: menu access on DAG Run:example_dynamic_task_mapping_with_no_taskflow_operators
[2025-04-06T02:25:56.676+0000] {logging_mixin.py:190} INFO - [2025-04-06T02:25:56.676+0000] {override.py:1930} INFO - Created Permission View: can read on DAG Run:example_dynamic_task_mapping_with_no_taskflow_operators
[2025-04-06T02:25:56.686+0000] {logging_mixin.py:190} INFO - [2025-04-06T02:25:56.686+0000] {override.py:1930} INFO - Created Permission View: can delete on DAG Run:example_dynamic_task_mapping_with_no_taskflow_operators
[2025-04-06T02:25:56.686+0000] {logging_mixin.py:190} INFO - [2025-04-06T02:25:56.686+0000] {dag.py:3239} INFO - Sync 1 DAGs
[2025-04-06T02:25:56.696+0000] {logging_mixin.py:190} INFO - [2025-04-06T02:25:56.696+0000] {dag.py:3262} INFO - Creating ORM DAG for example_dynamic_task_mapping_with_no_taskflow_operators
[2025-04-06T02:25:56.697+0000] {logging_mixin.py:190} INFO - [2025-04-06T02:25:56.697+0000] {dag.py:4180} INFO - Setting next_dagrun for example_dynamic_task_mapping_with_no_taskflow_operators to None, run_after=None
[2025-04-06T02:25:56.716+0000] {processor.py:208} INFO - Processing /home/ubuntu/venv/lib/python3.12/site-packages/airflow/example_dags/example_dynamic_task_mapping_with_no_taskflow_operators.py took 0.219 seconds
[2025-04-06T02:26:59.397+0000] {processor.py:186} INFO - Started process (PID=3904) to work on /home/ubuntu/venv/lib/python3.12/site-packages/airflow/example_dags/example_dynamic_task_mapping_with_no_taskflow_operators.py
[2025-04-06T02:26:59.399+0000] {processor.py:914} INFO - Processing file /home/ubuntu/venv/lib/python3.12/site-packages/airflow/example_dags/example_dynamic_task_mapping_with_no_taskflow_operators.py for tasks to queue
[2025-04-06T02:26:59.401+0000] {logging_mixin.py:190} INFO - [2025-04-06T02:26:59.400+0000] {dagbag.py:588} INFO - Filling up the DagBag from /home/ubuntu/venv/lib/python3.12/site-packages/airflow/example_dags/example_dynamic_task_mapping_with_no_taskflow_operators.py
[2025-04-06T02:26:59.408+0000] {processor.py:925} INFO - DAG(s) 'example_dynamic_task_mapping_with_no_taskflow_operators' retrieved from /home/ubuntu/venv/lib/python3.12/site-packages/airflow/example_dags/example_dynamic_task_mapping_with_no_taskflow_operators.py
[2025-04-06T02:26:59.423+0000] {logging_mixin.py:190} INFO - [2025-04-06T02:26:59.423+0000] {dag.py:3239} INFO - Sync 1 DAGs
[2025-04-06T02:26:59.434+0000] {logging_mixin.py:190} INFO - [2025-04-06T02:26:59.434+0000] {dag.py:4180} INFO - Setting next_dagrun for example_dynamic_task_mapping_with_no_taskflow_operators to None, run_after=None
[2025-04-06T02:26:59.456+0000] {processor.py:208} INFO - Processing /home/ubuntu/venv/lib/python3.12/site-packages/airflow/example_dags/example_dynamic_task_mapping_with_no_taskflow_operators.py took 0.064 seconds
