[2025-04-06T02:25:54.015+0000] {processor.py:186} INFO - Started process (PID=3814) to work on /home/ubuntu/venv/lib/python3.12/site-packages/airflow/example_dags/example_dynamic_task_mapping.py
[2025-04-06T02:25:54.016+0000] {processor.py:914} INFO - Processing file /home/ubuntu/venv/lib/python3.12/site-packages/airflow/example_dags/example_dynamic_task_mapping.py for tasks to queue
[2025-04-06T02:25:54.018+0000] {logging_mixin.py:190} INFO - [2025-04-06T02:25:54.018+0000] {dagbag.py:588} INFO - Filling up the DagBag from /home/ubuntu/venv/lib/python3.12/site-packages/airflow/example_dags/example_dynamic_task_mapping.py
[2025-04-06T02:25:54.028+0000] {processor.py:925} INFO - DAG(s) 'example_dynamic_task_mapping' retrieved from /home/ubuntu/venv/lib/python3.12/site-packages/airflow/example_dags/example_dynamic_task_mapping.py
[2025-04-06T02:25:54.132+0000] {logging_mixin.py:190} INFO - [2025-04-06T02:25:54.132+0000] {override.py:1930} INFO - Created Permission View: can read on DAG:example_dynamic_task_mapping
[2025-04-06T02:25:54.146+0000] {logging_mixin.py:190} INFO - [2025-04-06T02:25:54.146+0000] {override.py:1930} INFO - Created Permission View: can edit on DAG:example_dynamic_task_mapping
[2025-04-06T02:25:54.157+0000] {logging_mixin.py:190} INFO - [2025-04-06T02:25:54.156+0000] {override.py:1930} INFO - Created Permission View: can delete on DAG:example_dynamic_task_mapping
[2025-04-06T02:25:54.175+0000] {logging_mixin.py:190} INFO - [2025-04-06T02:25:54.174+0000] {override.py:1930} INFO - Created Permission View: can create on DAG Run:example_dynamic_task_mapping
[2025-04-06T02:25:54.186+0000] {logging_mixin.py:190} INFO - [2025-04-06T02:25:54.186+0000] {override.py:1930} INFO - Created Permission View: menu access on DAG Run:example_dynamic_task_mapping
[2025-04-06T02:25:54.196+0000] {logging_mixin.py:190} INFO - [2025-04-06T02:25:54.195+0000] {override.py:1930} INFO - Created Permission View: can read on DAG Run:example_dynamic_task_mapping
[2025-04-06T02:25:54.206+0000] {logging_mixin.py:190} INFO - [2025-04-06T02:25:54.206+0000] {override.py:1930} INFO - Created Permission View: can delete on DAG Run:example_dynamic_task_mapping
[2025-04-06T02:25:54.207+0000] {logging_mixin.py:190} INFO - [2025-04-06T02:25:54.206+0000] {dag.py:3239} INFO - Sync 1 DAGs
[2025-04-06T02:25:54.216+0000] {logging_mixin.py:190} INFO - [2025-04-06T02:25:54.216+0000] {dag.py:3262} INFO - Creating ORM DAG for example_dynamic_task_mapping
[2025-04-06T02:25:54.216+0000] {logging_mixin.py:190} INFO - [2025-04-06T02:25:54.216+0000] {dag.py:4180} INFO - Setting next_dagrun for example_dynamic_task_mapping to None, run_after=None
[2025-04-06T02:25:54.237+0000] {processor.py:208} INFO - Processing /home/ubuntu/venv/lib/python3.12/site-packages/airflow/example_dags/example_dynamic_task_mapping.py took 0.227 seconds
[2025-04-06T02:26:57.118+0000] {processor.py:186} INFO - Started process (PID=3902) to work on /home/ubuntu/venv/lib/python3.12/site-packages/airflow/example_dags/example_dynamic_task_mapping.py
[2025-04-06T02:26:57.120+0000] {processor.py:914} INFO - Processing file /home/ubuntu/venv/lib/python3.12/site-packages/airflow/example_dags/example_dynamic_task_mapping.py for tasks to queue
[2025-04-06T02:26:57.123+0000] {logging_mixin.py:190} INFO - [2025-04-06T02:26:57.122+0000] {dagbag.py:588} INFO - Filling up the DagBag from /home/ubuntu/venv/lib/python3.12/site-packages/airflow/example_dags/example_dynamic_task_mapping.py
[2025-04-06T02:26:57.131+0000] {processor.py:925} INFO - DAG(s) 'example_dynamic_task_mapping' retrieved from /home/ubuntu/venv/lib/python3.12/site-packages/airflow/example_dags/example_dynamic_task_mapping.py
[2025-04-06T02:26:57.146+0000] {logging_mixin.py:190} INFO - [2025-04-06T02:26:57.146+0000] {dag.py:3239} INFO - Sync 1 DAGs
[2025-04-06T02:26:57.157+0000] {logging_mixin.py:190} INFO - [2025-04-06T02:26:57.156+0000] {dag.py:4180} INFO - Setting next_dagrun for example_dynamic_task_mapping to None, run_after=None
[2025-04-06T02:26:57.179+0000] {processor.py:208} INFO - Processing /home/ubuntu/venv/lib/python3.12/site-packages/airflow/example_dags/example_dynamic_task_mapping.py took 0.066 seconds
