[2025-04-06T02:25:36.744+0000] {processor.py:186} INFO - Started process (PID=3799) to work on /home/ubuntu/venv/lib/python3.12/site-packages/airflow/example_dags/example_params_trigger_ui.py
[2025-04-06T02:25:36.745+0000] {processor.py:914} INFO - Processing file /home/ubuntu/venv/lib/python3.12/site-packages/airflow/example_dags/example_params_trigger_ui.py for tasks to queue
[2025-04-06T02:25:36.747+0000] {logging_mixin.py:190} INFO - [2025-04-06T02:25:36.747+0000] {dagbag.py:588} INFO - Filling up the DagBag from /home/ubuntu/venv/lib/python3.12/site-packages/airflow/example_dags/example_params_trigger_ui.py
[2025-04-06T02:25:36.760+0000] {processor.py:925} INFO - DAG(s) 'example_params_trigger_ui' retrieved from /home/ubuntu/venv/lib/python3.12/site-packages/airflow/example_dags/example_params_trigger_ui.py
[2025-04-06T02:25:36.879+0000] {logging_mixin.py:190} INFO - [2025-04-06T02:25:36.878+0000] {override.py:1930} INFO - Created Permission View: can read on DAG:example_params_trigger_ui
[2025-04-06T02:25:36.891+0000] {logging_mixin.py:190} INFO - [2025-04-06T02:25:36.891+0000] {override.py:1930} INFO - Created Permission View: can edit on DAG:example_params_trigger_ui
[2025-04-06T02:25:36.901+0000] {logging_mixin.py:190} INFO - [2025-04-06T02:25:36.901+0000] {override.py:1930} INFO - Created Permission View: can delete on DAG:example_params_trigger_ui
[2025-04-06T02:25:36.919+0000] {logging_mixin.py:190} INFO - [2025-04-06T02:25:36.918+0000] {override.py:1930} INFO - Created Permission View: can create on DAG Run:example_params_trigger_ui
[2025-04-06T02:25:36.929+0000] {logging_mixin.py:190} INFO - [2025-04-06T02:25:36.929+0000] {override.py:1930} INFO - Created Permission View: menu access on DAG Run:example_params_trigger_ui
[2025-04-06T02:25:36.939+0000] {logging_mixin.py:190} INFO - [2025-04-06T02:25:36.939+0000] {override.py:1930} INFO - Created Permission View: can read on DAG Run:example_params_trigger_ui
[2025-04-06T02:25:36.949+0000] {logging_mixin.py:190} INFO - [2025-04-06T02:25:36.949+0000] {override.py:1930} INFO - Created Permission View: can delete on DAG Run:example_params_trigger_ui
[2025-04-06T02:25:36.949+0000] {logging_mixin.py:190} INFO - [2025-04-06T02:25:36.949+0000] {dag.py:3239} INFO - Sync 1 DAGs
[2025-04-06T02:25:36.958+0000] {logging_mixin.py:190} INFO - [2025-04-06T02:25:36.958+0000] {dag.py:3262} INFO - Creating ORM DAG for example_params_trigger_ui
[2025-04-06T02:25:36.960+0000] {logging_mixin.py:190} INFO - [2025-04-06T02:25:36.959+0000] {dag.py:4180} INFO - Setting next_dagrun for example_params_trigger_ui to None, run_after=None
[2025-04-06T02:25:36.981+0000] {processor.py:208} INFO - Processing /home/ubuntu/venv/lib/python3.12/site-packages/airflow/example_dags/example_params_trigger_ui.py took 0.244 seconds
[2025-04-06T02:26:40.595+0000] {processor.py:186} INFO - Started process (PID=3858) to work on /home/ubuntu/venv/lib/python3.12/site-packages/airflow/example_dags/example_params_trigger_ui.py
[2025-04-06T02:26:40.596+0000] {processor.py:914} INFO - Processing file /home/ubuntu/venv/lib/python3.12/site-packages/airflow/example_dags/example_params_trigger_ui.py for tasks to queue
[2025-04-06T02:26:40.598+0000] {logging_mixin.py:190} INFO - [2025-04-06T02:26:40.597+0000] {dagbag.py:588} INFO - Filling up the DagBag from /home/ubuntu/venv/lib/python3.12/site-packages/airflow/example_dags/example_params_trigger_ui.py
[2025-04-06T02:26:40.610+0000] {processor.py:925} INFO - DAG(s) 'example_params_trigger_ui' retrieved from /home/ubuntu/venv/lib/python3.12/site-packages/airflow/example_dags/example_params_trigger_ui.py
[2025-04-06T02:26:40.644+0000] {logging_mixin.py:190} INFO - [2025-04-06T02:26:40.644+0000] {dag.py:3239} INFO - Sync 1 DAGs
[2025-04-06T02:26:40.655+0000] {logging_mixin.py:190} INFO - [2025-04-06T02:26:40.655+0000] {dag.py:4180} INFO - Setting next_dagrun for example_params_trigger_ui to None, run_after=None
[2025-04-06T02:26:40.678+0000] {processor.py:208} INFO - Processing /home/ubuntu/venv/lib/python3.12/site-packages/airflow/example_dags/example_params_trigger_ui.py took 0.088 seconds
