[2025-04-06T02:25:29.846+0000] {processor.py:186} INFO - Started process (PID=3794) to work on /home/ubuntu/venv/lib/python3.12/site-packages/airflow/example_dags/example_skip_dag.py
[2025-04-06T02:25:29.847+0000] {processor.py:914} INFO - Processing file /home/ubuntu/venv/lib/python3.12/site-packages/airflow/example_dags/example_skip_dag.py for tasks to queue
[2025-04-06T02:25:29.849+0000] {logging_mixin.py:190} INFO - [2025-04-06T02:25:29.848+0000] {dagbag.py:588} INFO - Filling up the DagBag from /home/ubuntu/venv/lib/python3.12/site-packages/airflow/example_dags/example_skip_dag.py
[2025-04-06T02:25:29.857+0000] {processor.py:925} INFO - DAG(s) 'example_skip_dag' retrieved from /home/ubuntu/venv/lib/python3.12/site-packages/airflow/example_dags/example_skip_dag.py
[2025-04-06T02:25:29.967+0000] {logging_mixin.py:190} INFO - [2025-04-06T02:25:29.966+0000] {override.py:1930} INFO - Created Permission View: can read on DAG:example_skip_dag
[2025-04-06T02:25:29.981+0000] {logging_mixin.py:190} INFO - [2025-04-06T02:25:29.981+0000] {override.py:1930} INFO - Created Permission View: can edit on DAG:example_skip_dag
[2025-04-06T02:25:29.993+0000] {logging_mixin.py:190} INFO - [2025-04-06T02:25:29.993+0000] {override.py:1930} INFO - Created Permission View: can delete on DAG:example_skip_dag
[2025-04-06T02:25:30.012+0000] {logging_mixin.py:190} INFO - [2025-04-06T02:25:30.012+0000] {override.py:1930} INFO - Created Permission View: can create on DAG Run:example_skip_dag
[2025-04-06T02:25:30.025+0000] {logging_mixin.py:190} INFO - [2025-04-06T02:25:30.025+0000] {override.py:1930} INFO - Created Permission View: menu access on DAG Run:example_skip_dag
[2025-04-06T02:25:30.035+0000] {logging_mixin.py:190} INFO - [2025-04-06T02:25:30.035+0000] {override.py:1930} INFO - Created Permission View: can read on DAG Run:example_skip_dag
[2025-04-06T02:25:30.046+0000] {logging_mixin.py:190} INFO - [2025-04-06T02:25:30.046+0000] {override.py:1930} INFO - Created Permission View: can delete on DAG Run:example_skip_dag
[2025-04-06T02:25:30.046+0000] {logging_mixin.py:190} INFO - [2025-04-06T02:25:30.046+0000] {dag.py:3239} INFO - Sync 1 DAGs
[2025-04-06T02:25:30.056+0000] {logging_mixin.py:190} INFO - [2025-04-06T02:25:30.055+0000] {dag.py:3262} INFO - Creating ORM DAG for example_skip_dag
[2025-04-06T02:25:30.063+0000] {logging_mixin.py:190} INFO - [2025-04-06T02:25:30.063+0000] {dag.py:4180} INFO - Setting next_dagrun for example_skip_dag to 2025-04-05 00:00:00+00:00, run_after=2025-04-06 00:00:00+00:00
[2025-04-06T02:25:30.084+0000] {processor.py:208} INFO - Processing /home/ubuntu/venv/lib/python3.12/site-packages/airflow/example_dags/example_skip_dag.py took 0.243 seconds
[2025-04-06T02:26:35.445+0000] {processor.py:186} INFO - Started process (PID=3853) to work on /home/ubuntu/venv/lib/python3.12/site-packages/airflow/example_dags/example_skip_dag.py
[2025-04-06T02:26:35.447+0000] {processor.py:914} INFO - Processing file /home/ubuntu/venv/lib/python3.12/site-packages/airflow/example_dags/example_skip_dag.py for tasks to queue
[2025-04-06T02:26:35.449+0000] {logging_mixin.py:190} INFO - [2025-04-06T02:26:35.448+0000] {dagbag.py:588} INFO - Filling up the DagBag from /home/ubuntu/venv/lib/python3.12/site-packages/airflow/example_dags/example_skip_dag.py
[2025-04-06T02:26:35.456+0000] {processor.py:925} INFO - DAG(s) 'example_skip_dag' retrieved from /home/ubuntu/venv/lib/python3.12/site-packages/airflow/example_dags/example_skip_dag.py
[2025-04-06T02:26:35.473+0000] {logging_mixin.py:190} INFO - [2025-04-06T02:26:35.473+0000] {dag.py:3239} INFO - Sync 1 DAGs
[2025-04-06T02:26:35.491+0000] {logging_mixin.py:190} INFO - [2025-04-06T02:26:35.491+0000] {dag.py:4180} INFO - Setting next_dagrun for example_skip_dag to 2025-04-05 00:00:00+00:00, run_after=2025-04-06 00:00:00+00:00
[2025-04-06T02:26:35.514+0000] {processor.py:208} INFO - Processing /home/ubuntu/venv/lib/python3.12/site-packages/airflow/example_dags/example_skip_dag.py took 0.074 seconds
