[2025-04-06T02:25:13.798+0000] {processor.py:186} INFO - Started process (PID=3779) to work on /home/ubuntu/venv/lib/python3.12/site-packages/airflow/example_dags/example_xcom.py
[2025-04-06T02:25:13.798+0000] {processor.py:914} INFO - Processing file /home/ubuntu/venv/lib/python3.12/site-packages/airflow/example_dags/example_xcom.py for tasks to queue
[2025-04-06T02:25:13.801+0000] {logging_mixin.py:190} INFO - [2025-04-06T02:25:13.801+0000] {dagbag.py:588} INFO - Filling up the DagBag from /home/ubuntu/venv/lib/python3.12/site-packages/airflow/example_dags/example_xcom.py
[2025-04-06T02:25:13.810+0000] {processor.py:925} INFO - DAG(s) 'example_xcom' retrieved from /home/ubuntu/venv/lib/python3.12/site-packages/airflow/example_dags/example_xcom.py
[2025-04-06T02:25:13.920+0000] {logging_mixin.py:190} INFO - [2025-04-06T02:25:13.919+0000] {override.py:1930} INFO - Created Permission View: can read on DAG:example_xcom
[2025-04-06T02:25:13.932+0000] {logging_mixin.py:190} INFO - [2025-04-06T02:25:13.932+0000] {override.py:1930} INFO - Created Permission View: can edit on DAG:example_xcom
[2025-04-06T02:25:13.944+0000] {logging_mixin.py:190} INFO - [2025-04-06T02:25:13.944+0000] {override.py:1930} INFO - Created Permission View: can delete on DAG:example_xcom
[2025-04-06T02:25:13.961+0000] {logging_mixin.py:190} INFO - [2025-04-06T02:25:13.961+0000] {override.py:1930} INFO - Created Permission View: can create on DAG Run:example_xcom
[2025-04-06T02:25:13.972+0000] {logging_mixin.py:190} INFO - [2025-04-06T02:25:13.971+0000] {override.py:1930} INFO - Created Permission View: menu access on DAG Run:example_xcom
[2025-04-06T02:25:13.981+0000] {logging_mixin.py:190} INFO - [2025-04-06T02:25:13.981+0000] {override.py:1930} INFO - Created Permission View: can read on DAG Run:example_xcom
[2025-04-06T02:25:13.992+0000] {logging_mixin.py:190} INFO - [2025-04-06T02:25:13.992+0000] {override.py:1930} INFO - Created Permission View: can delete on DAG Run:example_xcom
[2025-04-06T02:25:13.992+0000] {logging_mixin.py:190} INFO - [2025-04-06T02:25:13.992+0000] {dag.py:3239} INFO - Sync 1 DAGs
[2025-04-06T02:25:14.002+0000] {logging_mixin.py:190} INFO - [2025-04-06T02:25:14.002+0000] {dag.py:3262} INFO - Creating ORM DAG for example_xcom
[2025-04-06T02:25:14.009+0000] {logging_mixin.py:190} INFO - [2025-04-06T02:25:14.009+0000] {dag.py:4180} INFO - Setting next_dagrun for example_xcom to 2021-01-01 00:00:00+00:00, run_after=2021-01-01 00:00:00+00:00
[2025-04-06T02:25:14.031+0000] {processor.py:208} INFO - Processing /home/ubuntu/venv/lib/python3.12/site-packages/airflow/example_dags/example_xcom.py took 0.238 seconds
[2025-04-06T02:26:21.236+0000] {processor.py:186} INFO - Started process (PID=3839) to work on /home/ubuntu/venv/lib/python3.12/site-packages/airflow/example_dags/example_xcom.py
[2025-04-06T02:26:21.238+0000] {processor.py:914} INFO - Processing file /home/ubuntu/venv/lib/python3.12/site-packages/airflow/example_dags/example_xcom.py for tasks to queue
[2025-04-06T02:26:21.240+0000] {logging_mixin.py:190} INFO - [2025-04-06T02:26:21.240+0000] {dagbag.py:588} INFO - Filling up the DagBag from /home/ubuntu/venv/lib/python3.12/site-packages/airflow/example_dags/example_xcom.py
[2025-04-06T02:26:21.249+0000] {processor.py:925} INFO - DAG(s) 'example_xcom' retrieved from /home/ubuntu/venv/lib/python3.12/site-packages/airflow/example_dags/example_xcom.py
[2025-04-06T02:26:21.264+0000] {logging_mixin.py:190} INFO - [2025-04-06T02:26:21.264+0000] {dag.py:3239} INFO - Sync 1 DAGs
[2025-04-06T02:26:21.283+0000] {logging_mixin.py:190} INFO - [2025-04-06T02:26:21.282+0000] {dag.py:4180} INFO - Setting next_dagrun for example_xcom to 2021-01-01 00:00:00+00:00, run_after=2021-01-01 00:00:00+00:00
[2025-04-06T02:26:21.304+0000] {processor.py:208} INFO - Processing /home/ubuntu/venv/lib/python3.12/site-packages/airflow/example_dags/example_xcom.py took 0.073 seconds
