[2025-04-06T02:25:48.565+0000] {processor.py:186} INFO - Started process (PID=3810) to work on /home/ubuntu/venv/lib/python3.12/site-packages/airflow/example_dags/example_inlet_event_extra.py
[2025-04-06T02:25:48.566+0000] {processor.py:914} INFO - Processing file /home/ubuntu/venv/lib/python3.12/site-packages/airflow/example_dags/example_inlet_event_extra.py for tasks to queue
[2025-04-06T02:25:48.569+0000] {logging_mixin.py:190} INFO - [2025-04-06T02:25:48.568+0000] {dagbag.py:588} INFO - Filling up the DagBag from /home/ubuntu/venv/lib/python3.12/site-packages/airflow/example_dags/example_inlet_event_extra.py
[2025-04-06T02:25:48.582+0000] {processor.py:925} INFO - DAG(s) 'read_dataset_event', 'read_dataset_event_from_classic' retrieved from /home/ubuntu/venv/lib/python3.12/site-packages/airflow/example_dags/example_inlet_event_extra.py
[2025-04-06T02:25:48.682+0000] {logging_mixin.py:190} INFO - [2025-04-06T02:25:48.681+0000] {override.py:1930} INFO - Created Permission View: can read on DAG:read_dataset_event
[2025-04-06T02:25:48.696+0000] {logging_mixin.py:190} INFO - [2025-04-06T02:25:48.696+0000] {override.py:1930} INFO - Created Permission View: can edit on DAG:read_dataset_event
[2025-04-06T02:25:48.706+0000] {logging_mixin.py:190} INFO - [2025-04-06T02:25:48.706+0000] {override.py:1930} INFO - Created Permission View: can delete on DAG:read_dataset_event
[2025-04-06T02:25:48.724+0000] {logging_mixin.py:190} INFO - [2025-04-06T02:25:48.724+0000] {override.py:1930} INFO - Created Permission View: can create on DAG Run:read_dataset_event
[2025-04-06T02:25:48.735+0000] {logging_mixin.py:190} INFO - [2025-04-06T02:25:48.734+0000] {override.py:1930} INFO - Created Permission View: menu access on DAG Run:read_dataset_event
[2025-04-06T02:25:48.746+0000] {logging_mixin.py:190} INFO - [2025-04-06T02:25:48.746+0000] {override.py:1930} INFO - Created Permission View: can read on DAG Run:read_dataset_event
[2025-04-06T02:25:48.755+0000] {logging_mixin.py:190} INFO - [2025-04-06T02:25:48.755+0000] {override.py:1930} INFO - Created Permission View: can delete on DAG Run:read_dataset_event
[2025-04-06T02:25:48.778+0000] {logging_mixin.py:190} INFO - [2025-04-06T02:25:48.778+0000] {override.py:1930} INFO - Created Permission View: can read on DAG:read_dataset_event_from_classic
[2025-04-06T02:25:48.788+0000] {logging_mixin.py:190} INFO - [2025-04-06T02:25:48.788+0000] {override.py:1930} INFO - Created Permission View: can edit on DAG:read_dataset_event_from_classic
[2025-04-06T02:25:48.799+0000] {logging_mixin.py:190} INFO - [2025-04-06T02:25:48.799+0000] {override.py:1930} INFO - Created Permission View: can delete on DAG:read_dataset_event_from_classic
[2025-04-06T02:25:48.817+0000] {logging_mixin.py:190} INFO - [2025-04-06T02:25:48.817+0000] {override.py:1930} INFO - Created Permission View: can create on DAG Run:read_dataset_event_from_classic
[2025-04-06T02:25:48.829+0000] {logging_mixin.py:190} INFO - [2025-04-06T02:25:48.829+0000] {override.py:1930} INFO - Created Permission View: menu access on DAG Run:read_dataset_event_from_classic
[2025-04-06T02:25:48.841+0000] {logging_mixin.py:190} INFO - [2025-04-06T02:25:48.841+0000] {override.py:1930} INFO - Created Permission View: can read on DAG Run:read_dataset_event_from_classic
[2025-04-06T02:25:48.853+0000] {logging_mixin.py:190} INFO - [2025-04-06T02:25:48.853+0000] {override.py:1930} INFO - Created Permission View: can delete on DAG Run:read_dataset_event_from_classic
[2025-04-06T02:25:48.853+0000] {logging_mixin.py:190} INFO - [2025-04-06T02:25:48.853+0000] {dag.py:3239} INFO - Sync 2 DAGs
[2025-04-06T02:25:48.865+0000] {logging_mixin.py:190} INFO - [2025-04-06T02:25:48.865+0000] {dag.py:3262} INFO - Creating ORM DAG for read_dataset_event_from_classic
[2025-04-06T02:25:48.866+0000] {logging_mixin.py:190} INFO - [2025-04-06T02:25:48.865+0000] {dag.py:3262} INFO - Creating ORM DAG for read_dataset_event
[2025-04-06T02:25:48.876+0000] {logging_mixin.py:190} INFO - [2025-04-06T02:25:48.875+0000] {dag.py:4180} INFO - Setting next_dagrun for read_dataset_event to 2025-04-05 00:00:00+00:00, run_after=2025-04-06 00:00:00+00:00
[2025-04-06T02:25:48.877+0000] {logging_mixin.py:190} INFO - [2025-04-06T02:25:48.877+0000] {dag.py:4180} INFO - Setting next_dagrun for read_dataset_event_from_classic to 2025-04-05 00:00:00+00:00, run_after=2025-04-06 00:00:00+00:00
[2025-04-06T02:25:48.904+0000] {processor.py:208} INFO - Processing /home/ubuntu/venv/lib/python3.12/site-packages/airflow/example_dags/example_inlet_event_extra.py took 0.345 seconds
[2025-04-06T02:26:52.315+0000] {processor.py:186} INFO - Started process (PID=3896) to work on /home/ubuntu/venv/lib/python3.12/site-packages/airflow/example_dags/example_inlet_event_extra.py
[2025-04-06T02:26:52.317+0000] {processor.py:914} INFO - Processing file /home/ubuntu/venv/lib/python3.12/site-packages/airflow/example_dags/example_inlet_event_extra.py for tasks to queue
[2025-04-06T02:26:52.319+0000] {logging_mixin.py:190} INFO - [2025-04-06T02:26:52.319+0000] {dagbag.py:588} INFO - Filling up the DagBag from /home/ubuntu/venv/lib/python3.12/site-packages/airflow/example_dags/example_inlet_event_extra.py
[2025-04-06T02:26:52.335+0000] {processor.py:925} INFO - DAG(s) 'read_dataset_event', 'read_dataset_event_from_classic' retrieved from /home/ubuntu/venv/lib/python3.12/site-packages/airflow/example_dags/example_inlet_event_extra.py
[2025-04-06T02:26:52.355+0000] {logging_mixin.py:190} INFO - [2025-04-06T02:26:52.355+0000] {dag.py:3239} INFO - Sync 2 DAGs
[2025-04-06T02:26:52.375+0000] {logging_mixin.py:190} INFO - [2025-04-06T02:26:52.375+0000] {dag.py:4180} INFO - Setting next_dagrun for read_dataset_event to 2025-04-05 00:00:00+00:00, run_after=2025-04-06 00:00:00+00:00
[2025-04-06T02:26:52.378+0000] {logging_mixin.py:190} INFO - [2025-04-06T02:26:52.378+0000] {dag.py:4180} INFO - Setting next_dagrun for read_dataset_event_from_classic to 2025-04-05 00:00:00+00:00, run_after=2025-04-06 00:00:00+00:00
[2025-04-06T02:26:52.401+0000] {processor.py:208} INFO - Processing /home/ubuntu/venv/lib/python3.12/site-packages/airflow/example_dags/example_inlet_event_extra.py took 0.093 seconds
