[2025-04-06T02:25:42.666+0000] {processor.py:186} INFO - Started process (PID=3805) to work on /home/ubuntu/venv/lib/python3.12/site-packages/airflow/example_dags/example_python_operator.py
[2025-04-06T02:25:42.667+0000] {processor.py:914} INFO - Processing file /home/ubuntu/venv/lib/python3.12/site-packages/airflow/example_dags/example_python_operator.py for tasks to queue
[2025-04-06T02:25:42.669+0000] {logging_mixin.py:190} INFO - [2025-04-06T02:25:42.669+0000] {dagbag.py:588} INFO - Filling up the DagBag from /home/ubuntu/venv/lib/python3.12/site-packages/airflow/example_dags/example_python_operator.py
[2025-04-06T02:25:42.676+0000] {logging_mixin.py:190} INFO - [2025-04-06T02:25:42.676+0000] {example_python_operator.py:93} WARNING - The virtalenv_python example task requires virtualenv, please install it.
[2025-04-06T02:25:42.678+0000] {processor.py:925} INFO - DAG(s) 'example_python_operator' retrieved from /home/ubuntu/venv/lib/python3.12/site-packages/airflow/example_dags/example_python_operator.py
[2025-04-06T02:25:42.814+0000] {logging_mixin.py:190} INFO - [2025-04-06T02:25:42.814+0000] {override.py:1930} INFO - Created Permission View: can read on DAG:example_python_operator
[2025-04-06T02:25:42.831+0000] {logging_mixin.py:190} INFO - [2025-04-06T02:25:42.831+0000] {override.py:1930} INFO - Created Permission View: can edit on DAG:example_python_operator
[2025-04-06T02:25:42.844+0000] {logging_mixin.py:190} INFO - [2025-04-06T02:25:42.844+0000] {override.py:1930} INFO - Created Permission View: can delete on DAG:example_python_operator
[2025-04-06T02:25:42.862+0000] {logging_mixin.py:190} INFO - [2025-04-06T02:25:42.862+0000] {override.py:1930} INFO - Created Permission View: can create on DAG Run:example_python_operator
[2025-04-06T02:25:42.872+0000] {logging_mixin.py:190} INFO - [2025-04-06T02:25:42.872+0000] {override.py:1930} INFO - Created Permission View: menu access on DAG Run:example_python_operator
[2025-04-06T02:25:42.883+0000] {logging_mixin.py:190} INFO - [2025-04-06T02:25:42.883+0000] {override.py:1930} INFO - Created Permission View: can read on DAG Run:example_python_operator
[2025-04-06T02:25:42.895+0000] {logging_mixin.py:190} INFO - [2025-04-06T02:25:42.894+0000] {override.py:1930} INFO - Created Permission View: can delete on DAG Run:example_python_operator
[2025-04-06T02:25:42.895+0000] {logging_mixin.py:190} INFO - [2025-04-06T02:25:42.895+0000] {dag.py:3239} INFO - Sync 1 DAGs
[2025-04-06T02:25:42.906+0000] {logging_mixin.py:190} INFO - [2025-04-06T02:25:42.906+0000] {dag.py:3262} INFO - Creating ORM DAG for example_python_operator
[2025-04-06T02:25:42.907+0000] {logging_mixin.py:190} INFO - [2025-04-06T02:25:42.907+0000] {dag.py:4180} INFO - Setting next_dagrun for example_python_operator to None, run_after=None
[2025-04-06T02:25:42.929+0000] {processor.py:208} INFO - Processing /home/ubuntu/venv/lib/python3.12/site-packages/airflow/example_dags/example_python_operator.py took 0.268 seconds
[2025-04-06T02:26:48.329+0000] {processor.py:186} INFO - Started process (PID=3887) to work on /home/ubuntu/venv/lib/python3.12/site-packages/airflow/example_dags/example_python_operator.py
[2025-04-06T02:26:48.330+0000] {processor.py:914} INFO - Processing file /home/ubuntu/venv/lib/python3.12/site-packages/airflow/example_dags/example_python_operator.py for tasks to queue
[2025-04-06T02:26:48.333+0000] {logging_mixin.py:190} INFO - [2025-04-06T02:26:48.332+0000] {dagbag.py:588} INFO - Filling up the DagBag from /home/ubuntu/venv/lib/python3.12/site-packages/airflow/example_dags/example_python_operator.py
[2025-04-06T02:26:48.339+0000] {logging_mixin.py:190} INFO - [2025-04-06T02:26:48.339+0000] {example_python_operator.py:93} WARNING - The virtalenv_python example task requires virtualenv, please install it.
[2025-04-06T02:26:48.342+0000] {processor.py:925} INFO - DAG(s) 'example_python_operator' retrieved from /home/ubuntu/venv/lib/python3.12/site-packages/airflow/example_dags/example_python_operator.py
[2025-04-06T02:26:48.357+0000] {logging_mixin.py:190} INFO - [2025-04-06T02:26:48.357+0000] {dag.py:3239} INFO - Sync 1 DAGs
[2025-04-06T02:26:48.368+0000] {logging_mixin.py:190} INFO - [2025-04-06T02:26:48.368+0000] {dag.py:4180} INFO - Setting next_dagrun for example_python_operator to None, run_after=None
[2025-04-06T02:26:48.391+0000] {processor.py:208} INFO - Processing /home/ubuntu/venv/lib/python3.12/site-packages/airflow/example_dags/example_python_operator.py took 0.067 seconds
