[2025-04-06T02:25:17.806+0000] {processor.py:186} INFO - Started process (PID=3783) to work on /home/ubuntu/venv/lib/python3.12/site-packages/airflow/example_dags/example_trigger_target_dag.py
[2025-04-06T02:25:17.806+0000] {processor.py:914} INFO - Processing file /home/ubuntu/venv/lib/python3.12/site-packages/airflow/example_dags/example_trigger_target_dag.py for tasks to queue
[2025-04-06T02:25:17.808+0000] {logging_mixin.py:190} INFO - [2025-04-06T02:25:17.808+0000] {dagbag.py:588} INFO - Filling up the DagBag from /home/ubuntu/venv/lib/python3.12/site-packages/airflow/example_dags/example_trigger_target_dag.py
[2025-04-06T02:25:17.817+0000] {processor.py:925} INFO - DAG(s) 'example_trigger_target_dag' retrieved from /home/ubuntu/venv/lib/python3.12/site-packages/airflow/example_dags/example_trigger_target_dag.py
[2025-04-06T02:25:17.917+0000] {logging_mixin.py:190} INFO - [2025-04-06T02:25:17.916+0000] {override.py:1930} INFO - Created Permission View: can read on DAG:example_trigger_target_dag
[2025-04-06T02:25:17.930+0000] {logging_mixin.py:190} INFO - [2025-04-06T02:25:17.930+0000] {override.py:1930} INFO - Created Permission View: can edit on DAG:example_trigger_target_dag
[2025-04-06T02:25:17.942+0000] {logging_mixin.py:190} INFO - [2025-04-06T02:25:17.942+0000] {override.py:1930} INFO - Created Permission View: can delete on DAG:example_trigger_target_dag
[2025-04-06T02:25:17.959+0000] {logging_mixin.py:190} INFO - [2025-04-06T02:25:17.958+0000] {override.py:1930} INFO - Created Permission View: can create on DAG Run:example_trigger_target_dag
[2025-04-06T02:25:17.968+0000] {logging_mixin.py:190} INFO - [2025-04-06T02:25:17.968+0000] {override.py:1930} INFO - Created Permission View: menu access on DAG Run:example_trigger_target_dag
[2025-04-06T02:25:17.979+0000] {logging_mixin.py:190} INFO - [2025-04-06T02:25:17.979+0000] {override.py:1930} INFO - Created Permission View: can read on DAG Run:example_trigger_target_dag
[2025-04-06T02:25:17.989+0000] {logging_mixin.py:190} INFO - [2025-04-06T02:25:17.989+0000] {override.py:1930} INFO - Created Permission View: can delete on DAG Run:example_trigger_target_dag
[2025-04-06T02:25:17.989+0000] {logging_mixin.py:190} INFO - [2025-04-06T02:25:17.989+0000] {dag.py:3239} INFO - Sync 1 DAGs
[2025-04-06T02:25:18.000+0000] {logging_mixin.py:190} INFO - [2025-04-06T02:25:17.999+0000] {dag.py:3262} INFO - Creating ORM DAG for example_trigger_target_dag
[2025-04-06T02:25:18.000+0000] {logging_mixin.py:190} INFO - [2025-04-06T02:25:18.000+0000] {dag.py:4180} INFO - Setting next_dagrun for example_trigger_target_dag to None, run_after=None
[2025-04-06T02:25:18.025+0000] {processor.py:208} INFO - Processing /home/ubuntu/venv/lib/python3.12/site-packages/airflow/example_dags/example_trigger_target_dag.py took 0.225 seconds
[2025-04-06T02:26:25.237+0000] {processor.py:186} INFO - Started process (PID=3843) to work on /home/ubuntu/venv/lib/python3.12/site-packages/airflow/example_dags/example_trigger_target_dag.py
[2025-04-06T02:26:25.239+0000] {processor.py:914} INFO - Processing file /home/ubuntu/venv/lib/python3.12/site-packages/airflow/example_dags/example_trigger_target_dag.py for tasks to queue
[2025-04-06T02:26:25.242+0000] {logging_mixin.py:190} INFO - [2025-04-06T02:26:25.241+0000] {dagbag.py:588} INFO - Filling up the DagBag from /home/ubuntu/venv/lib/python3.12/site-packages/airflow/example_dags/example_trigger_target_dag.py
[2025-04-06T02:26:25.249+0000] {processor.py:925} INFO - DAG(s) 'example_trigger_target_dag' retrieved from /home/ubuntu/venv/lib/python3.12/site-packages/airflow/example_dags/example_trigger_target_dag.py
[2025-04-06T02:26:25.264+0000] {logging_mixin.py:190} INFO - [2025-04-06T02:26:25.264+0000] {dag.py:3239} INFO - Sync 1 DAGs
[2025-04-06T02:26:25.276+0000] {logging_mixin.py:190} INFO - [2025-04-06T02:26:25.276+0000] {dag.py:4180} INFO - Setting next_dagrun for example_trigger_target_dag to None, run_after=None
[2025-04-06T02:26:25.298+0000] {processor.py:208} INFO - Processing /home/ubuntu/venv/lib/python3.12/site-packages/airflow/example_dags/example_trigger_target_dag.py took 0.067 seconds
