[2025-04-06T02:25:46.202+0000] {processor.py:186} INFO - Started process (PID=3808) to work on /home/ubuntu/venv/lib/python3.12/site-packages/airflow/example_dags/example_latest_only.py
[2025-04-06T02:25:46.203+0000] {processor.py:914} INFO - Processing file /home/ubuntu/venv/lib/python3.12/site-packages/airflow/example_dags/example_latest_only.py for tasks to queue
[2025-04-06T02:25:46.206+0000] {logging_mixin.py:190} INFO - [2025-04-06T02:25:46.205+0000] {dagbag.py:588} INFO - Filling up the DagBag from /home/ubuntu/venv/lib/python3.12/site-packages/airflow/example_dags/example_latest_only.py
[2025-04-06T02:25:46.213+0000] {processor.py:925} INFO - DAG(s) 'latest_only' retrieved from /home/ubuntu/venv/lib/python3.12/site-packages/airflow/example_dags/example_latest_only.py
[2025-04-06T02:25:46.321+0000] {logging_mixin.py:190} INFO - [2025-04-06T02:25:46.320+0000] {override.py:1930} INFO - Created Permission View: can read on DAG:latest_only
[2025-04-06T02:25:46.334+0000] {logging_mixin.py:190} INFO - [2025-04-06T02:25:46.334+0000] {override.py:1930} INFO - Created Permission View: can edit on DAG:latest_only
[2025-04-06T02:25:46.346+0000] {logging_mixin.py:190} INFO - [2025-04-06T02:25:46.345+0000] {override.py:1930} INFO - Created Permission View: can delete on DAG:latest_only
[2025-04-06T02:25:46.364+0000] {logging_mixin.py:190} INFO - [2025-04-06T02:25:46.363+0000] {override.py:1930} INFO - Created Permission View: can create on DAG Run:latest_only
[2025-04-06T02:25:46.375+0000] {logging_mixin.py:190} INFO - [2025-04-06T02:25:46.375+0000] {override.py:1930} INFO - Created Permission View: menu access on DAG Run:latest_only
[2025-04-06T02:25:46.388+0000] {logging_mixin.py:190} INFO - [2025-04-06T02:25:46.388+0000] {override.py:1930} INFO - Created Permission View: can read on DAG Run:latest_only
[2025-04-06T02:25:46.399+0000] {logging_mixin.py:190} INFO - [2025-04-06T02:25:46.399+0000] {override.py:1930} INFO - Created Permission View: can delete on DAG Run:latest_only
[2025-04-06T02:25:46.400+0000] {logging_mixin.py:190} INFO - [2025-04-06T02:25:46.400+0000] {dag.py:3239} INFO - Sync 1 DAGs
[2025-04-06T02:25:46.410+0000] {logging_mixin.py:190} INFO - [2025-04-06T02:25:46.410+0000] {dag.py:3262} INFO - Creating ORM DAG for latest_only
[2025-04-06T02:25:46.419+0000] {logging_mixin.py:190} INFO - [2025-04-06T02:25:46.419+0000] {dag.py:4180} INFO - Setting next_dagrun for latest_only to 2025-04-05 20:00:00+00:00, run_after=2025-04-06 00:00:00+00:00
[2025-04-06T02:25:46.444+0000] {processor.py:208} INFO - Processing /home/ubuntu/venv/lib/python3.12/site-packages/airflow/example_dags/example_latest_only.py took 0.248 seconds
[2025-04-06T02:26:50.894+0000] {processor.py:186} INFO - Started process (PID=3894) to work on /home/ubuntu/venv/lib/python3.12/site-packages/airflow/example_dags/example_latest_only.py
[2025-04-06T02:26:50.895+0000] {processor.py:914} INFO - Processing file /home/ubuntu/venv/lib/python3.12/site-packages/airflow/example_dags/example_latest_only.py for tasks to queue
[2025-04-06T02:26:50.897+0000] {logging_mixin.py:190} INFO - [2025-04-06T02:26:50.897+0000] {dagbag.py:588} INFO - Filling up the DagBag from /home/ubuntu/venv/lib/python3.12/site-packages/airflow/example_dags/example_latest_only.py
[2025-04-06T02:26:50.906+0000] {processor.py:925} INFO - DAG(s) 'latest_only' retrieved from /home/ubuntu/venv/lib/python3.12/site-packages/airflow/example_dags/example_latest_only.py
[2025-04-06T02:26:50.921+0000] {logging_mixin.py:190} INFO - [2025-04-06T02:26:50.920+0000] {dag.py:3239} INFO - Sync 1 DAGs
[2025-04-06T02:26:50.938+0000] {logging_mixin.py:190} INFO - [2025-04-06T02:26:50.938+0000] {dag.py:4180} INFO - Setting next_dagrun for latest_only to 2025-04-05 20:00:00+00:00, run_after=2025-04-06 00:00:00+00:00
[2025-04-06T02:26:50.960+0000] {processor.py:208} INFO - Processing /home/ubuntu/venv/lib/python3.12/site-packages/airflow/example_dags/example_latest_only.py took 0.072 seconds
