[2025-04-06T02:25:52.801+0000] {processor.py:186} INFO - Started process (PID=3813) to work on /home/ubuntu/venv/lib/python3.12/site-packages/airflow/example_dags/example_dataset_alias.py
[2025-04-06T02:25:52.802+0000] {processor.py:914} INFO - Processing file /home/ubuntu/venv/lib/python3.12/site-packages/airflow/example_dags/example_dataset_alias.py for tasks to queue
[2025-04-06T02:25:52.804+0000] {logging_mixin.py:190} INFO - [2025-04-06T02:25:52.803+0000] {dagbag.py:588} INFO - Filling up the DagBag from /home/ubuntu/venv/lib/python3.12/site-packages/airflow/example_dags/example_dataset_alias.py
[2025-04-06T02:25:52.824+0000] {processor.py:925} INFO - DAG(s) 'dataset_alias_example_alias_consumer', 'dataset_s3_bucket_producer', 'dataset_alias_example_alias_producer', 'dataset_s3_bucket_consumer' retrieved from /home/ubuntu/venv/lib/python3.12/site-packages/airflow/example_dags/example_dataset_alias.py
[2025-04-06T02:25:52.918+0000] {logging_mixin.py:190} INFO - [2025-04-06T02:25:52.917+0000] {override.py:1930} INFO - Created Permission View: can read on DAG:dataset_alias_example_alias_consumer
[2025-04-06T02:25:52.932+0000] {logging_mixin.py:190} INFO - [2025-04-06T02:25:52.931+0000] {override.py:1930} INFO - Created Permission View: can edit on DAG:dataset_alias_example_alias_consumer
[2025-04-06T02:25:52.942+0000] {logging_mixin.py:190} INFO - [2025-04-06T02:25:52.942+0000] {override.py:1930} INFO - Created Permission View: can delete on DAG:dataset_alias_example_alias_consumer
[2025-04-06T02:25:52.964+0000] {logging_mixin.py:190} INFO - [2025-04-06T02:25:52.964+0000] {override.py:1930} INFO - Created Permission View: can create on DAG Run:dataset_alias_example_alias_consumer
[2025-04-06T02:25:52.975+0000] {logging_mixin.py:190} INFO - [2025-04-06T02:25:52.975+0000] {override.py:1930} INFO - Created Permission View: menu access on DAG Run:dataset_alias_example_alias_consumer
[2025-04-06T02:25:52.987+0000] {logging_mixin.py:190} INFO - [2025-04-06T02:25:52.987+0000] {override.py:1930} INFO - Created Permission View: can read on DAG Run:dataset_alias_example_alias_consumer
[2025-04-06T02:25:52.997+0000] {logging_mixin.py:190} INFO - [2025-04-06T02:25:52.997+0000] {override.py:1930} INFO - Created Permission View: can delete on DAG Run:dataset_alias_example_alias_consumer
[2025-04-06T02:25:53.023+0000] {logging_mixin.py:190} INFO - [2025-04-06T02:25:53.023+0000] {override.py:1930} INFO - Created Permission View: can read on DAG:dataset_s3_bucket_producer
[2025-04-06T02:25:53.032+0000] {logging_mixin.py:190} INFO - [2025-04-06T02:25:53.032+0000] {override.py:1930} INFO - Created Permission View: can edit on DAG:dataset_s3_bucket_producer
[2025-04-06T02:25:53.043+0000] {logging_mixin.py:190} INFO - [2025-04-06T02:25:53.043+0000] {override.py:1930} INFO - Created Permission View: can delete on DAG:dataset_s3_bucket_producer
[2025-04-06T02:25:53.061+0000] {logging_mixin.py:190} INFO - [2025-04-06T02:25:53.060+0000] {override.py:1930} INFO - Created Permission View: can create on DAG Run:dataset_s3_bucket_producer
[2025-04-06T02:25:53.071+0000] {logging_mixin.py:190} INFO - [2025-04-06T02:25:53.071+0000] {override.py:1930} INFO - Created Permission View: menu access on DAG Run:dataset_s3_bucket_producer
[2025-04-06T02:25:53.082+0000] {logging_mixin.py:190} INFO - [2025-04-06T02:25:53.081+0000] {override.py:1930} INFO - Created Permission View: can read on DAG Run:dataset_s3_bucket_producer
[2025-04-06T02:25:53.092+0000] {logging_mixin.py:190} INFO - [2025-04-06T02:25:53.092+0000] {override.py:1930} INFO - Created Permission View: can delete on DAG Run:dataset_s3_bucket_producer
[2025-04-06T02:25:53.115+0000] {logging_mixin.py:190} INFO - [2025-04-06T02:25:53.114+0000] {override.py:1930} INFO - Created Permission View: can read on DAG:dataset_alias_example_alias_producer
[2025-04-06T02:25:53.124+0000] {logging_mixin.py:190} INFO - [2025-04-06T02:25:53.124+0000] {override.py:1930} INFO - Created Permission View: can edit on DAG:dataset_alias_example_alias_producer
[2025-04-06T02:25:53.135+0000] {logging_mixin.py:190} INFO - [2025-04-06T02:25:53.135+0000] {override.py:1930} INFO - Created Permission View: can delete on DAG:dataset_alias_example_alias_producer
[2025-04-06T02:25:53.153+0000] {logging_mixin.py:190} INFO - [2025-04-06T02:25:53.153+0000] {override.py:1930} INFO - Created Permission View: can create on DAG Run:dataset_alias_example_alias_producer
[2025-04-06T02:25:53.163+0000] {logging_mixin.py:190} INFO - [2025-04-06T02:25:53.163+0000] {override.py:1930} INFO - Created Permission View: menu access on DAG Run:dataset_alias_example_alias_producer
[2025-04-06T02:25:53.174+0000] {logging_mixin.py:190} INFO - [2025-04-06T02:25:53.174+0000] {override.py:1930} INFO - Created Permission View: can read on DAG Run:dataset_alias_example_alias_producer
[2025-04-06T02:25:53.185+0000] {logging_mixin.py:190} INFO - [2025-04-06T02:25:53.185+0000] {override.py:1930} INFO - Created Permission View: can delete on DAG Run:dataset_alias_example_alias_producer
[2025-04-06T02:25:53.210+0000] {logging_mixin.py:190} INFO - [2025-04-06T02:25:53.209+0000] {override.py:1930} INFO - Created Permission View: can read on DAG:dataset_s3_bucket_consumer
[2025-04-06T02:25:53.221+0000] {logging_mixin.py:190} INFO - [2025-04-06T02:25:53.221+0000] {override.py:1930} INFO - Created Permission View: can edit on DAG:dataset_s3_bucket_consumer
[2025-04-06T02:25:53.230+0000] {logging_mixin.py:190} INFO - [2025-04-06T02:25:53.230+0000] {override.py:1930} INFO - Created Permission View: can delete on DAG:dataset_s3_bucket_consumer
[2025-04-06T02:25:53.250+0000] {logging_mixin.py:190} INFO - [2025-04-06T02:25:53.249+0000] {override.py:1930} INFO - Created Permission View: can create on DAG Run:dataset_s3_bucket_consumer
[2025-04-06T02:25:53.260+0000] {logging_mixin.py:190} INFO - [2025-04-06T02:25:53.259+0000] {override.py:1930} INFO - Created Permission View: menu access on DAG Run:dataset_s3_bucket_consumer
[2025-04-06T02:25:53.269+0000] {logging_mixin.py:190} INFO - [2025-04-06T02:25:53.269+0000] {override.py:1930} INFO - Created Permission View: can read on DAG Run:dataset_s3_bucket_consumer
[2025-04-06T02:25:53.279+0000] {logging_mixin.py:190} INFO - [2025-04-06T02:25:53.279+0000] {override.py:1930} INFO - Created Permission View: can delete on DAG Run:dataset_s3_bucket_consumer
[2025-04-06T02:25:53.280+0000] {logging_mixin.py:190} INFO - [2025-04-06T02:25:53.280+0000] {dag.py:3239} INFO - Sync 4 DAGs
[2025-04-06T02:25:53.290+0000] {logging_mixin.py:190} INFO - [2025-04-06T02:25:53.290+0000] {dag.py:3262} INFO - Creating ORM DAG for dataset_s3_bucket_producer
[2025-04-06T02:25:53.290+0000] {logging_mixin.py:190} INFO - [2025-04-06T02:25:53.290+0000] {dag.py:3262} INFO - Creating ORM DAG for dataset_s3_bucket_consumer
[2025-04-06T02:25:53.290+0000] {logging_mixin.py:190} INFO - [2025-04-06T02:25:53.290+0000] {dag.py:3262} INFO - Creating ORM DAG for dataset_alias_example_alias_consumer
[2025-04-06T02:25:53.291+0000] {logging_mixin.py:190} INFO - [2025-04-06T02:25:53.291+0000] {dag.py:3262} INFO - Creating ORM DAG for dataset_alias_example_alias_producer
[2025-04-06T02:25:53.299+0000] {logging_mixin.py:190} INFO - [2025-04-06T02:25:53.299+0000] {dag.py:4180} INFO - Setting next_dagrun for dataset_alias_example_alias_consumer to None, run_after=None
[2025-04-06T02:25:53.302+0000] {logging_mixin.py:190} INFO - [2025-04-06T02:25:53.300+0000] {dag.py:4180} INFO - Setting next_dagrun for dataset_alias_example_alias_producer to None, run_after=None
[2025-04-06T02:25:53.302+0000] {logging_mixin.py:190} INFO - [2025-04-06T02:25:53.302+0000] {dag.py:4180} INFO - Setting next_dagrun for dataset_s3_bucket_consumer to None, run_after=None
[2025-04-06T02:25:53.303+0000] {logging_mixin.py:190} INFO - [2025-04-06T02:25:53.303+0000] {dag.py:4180} INFO - Setting next_dagrun for dataset_s3_bucket_producer to None, run_after=None
[2025-04-06T02:25:53.331+0000] {processor.py:208} INFO - Processing /home/ubuntu/venv/lib/python3.12/site-packages/airflow/example_dags/example_dataset_alias.py took 0.534 seconds
[2025-04-06T02:26:55.868+0000] {processor.py:186} INFO - Started process (PID=3901) to work on /home/ubuntu/venv/lib/python3.12/site-packages/airflow/example_dags/example_dataset_alias.py
[2025-04-06T02:26:55.869+0000] {processor.py:914} INFO - Processing file /home/ubuntu/venv/lib/python3.12/site-packages/airflow/example_dags/example_dataset_alias.py for tasks to queue
[2025-04-06T02:26:55.871+0000] {logging_mixin.py:190} INFO - [2025-04-06T02:26:55.871+0000] {dagbag.py:588} INFO - Filling up the DagBag from /home/ubuntu/venv/lib/python3.12/site-packages/airflow/example_dags/example_dataset_alias.py
[2025-04-06T02:26:55.899+0000] {processor.py:925} INFO - DAG(s) 'dataset_alias_example_alias_producer', 'dataset_s3_bucket_producer', 'dataset_alias_example_alias_consumer', 'dataset_s3_bucket_consumer' retrieved from /home/ubuntu/venv/lib/python3.12/site-packages/airflow/example_dags/example_dataset_alias.py
[2025-04-06T02:26:55.923+0000] {logging_mixin.py:190} INFO - [2025-04-06T02:26:55.923+0000] {dag.py:3239} INFO - Sync 4 DAGs
[2025-04-06T02:26:55.945+0000] {logging_mixin.py:190} INFO - [2025-04-06T02:26:55.945+0000] {dag.py:4180} INFO - Setting next_dagrun for dataset_alias_example_alias_consumer to None, run_after=None
[2025-04-06T02:26:55.948+0000] {logging_mixin.py:190} INFO - [2025-04-06T02:26:55.948+0000] {dag.py:4180} INFO - Setting next_dagrun for dataset_alias_example_alias_producer to None, run_after=None
[2025-04-06T02:26:55.949+0000] {logging_mixin.py:190} INFO - [2025-04-06T02:26:55.949+0000] {dag.py:4180} INFO - Setting next_dagrun for dataset_s3_bucket_consumer to None, run_after=None
[2025-04-06T02:26:55.950+0000] {logging_mixin.py:190} INFO - [2025-04-06T02:26:55.950+0000] {dag.py:4180} INFO - Setting next_dagrun for dataset_s3_bucket_producer to None, run_after=None
[2025-04-06T02:26:55.977+0000] {processor.py:208} INFO - Processing /home/ubuntu/venv/lib/python3.12/site-packages/airflow/example_dags/example_dataset_alias.py took 0.116 seconds
