[2025-04-06T02:25:40.548+0000] {processor.py:186} INFO - Started process (PID=3802) to work on /home/ubuntu/venv/lib/python3.12/site-packages/airflow/example_dags/example_params_ui_tutorial.py
[2025-04-06T02:25:40.549+0000] {processor.py:914} INFO - Processing file /home/ubuntu/venv/lib/python3.12/site-packages/airflow/example_dags/example_params_ui_tutorial.py for tasks to queue
[2025-04-06T02:25:40.551+0000] {logging_mixin.py:190} INFO - [2025-04-06T02:25:40.551+0000] {dagbag.py:588} INFO - Filling up the DagBag from /home/ubuntu/venv/lib/python3.12/site-packages/airflow/example_dags/example_params_ui_tutorial.py
[2025-04-06T02:25:40.559+0000] {processor.py:925} INFO - DAG(s) 'example_params_ui_tutorial' retrieved from /home/ubuntu/venv/lib/python3.12/site-packages/airflow/example_dags/example_params_ui_tutorial.py
[2025-04-06T02:25:40.685+0000] {logging_mixin.py:190} INFO - [2025-04-06T02:25:40.684+0000] {override.py:1930} INFO - Created Permission View: can read on DAG:example_params_ui_tutorial
[2025-04-06T02:25:40.699+0000] {logging_mixin.py:190} INFO - [2025-04-06T02:25:40.699+0000] {override.py:1930} INFO - Created Permission View: can edit on DAG:example_params_ui_tutorial
[2025-04-06T02:25:40.710+0000] {logging_mixin.py:190} INFO - [2025-04-06T02:25:40.710+0000] {override.py:1930} INFO - Created Permission View: can delete on DAG:example_params_ui_tutorial
[2025-04-06T02:25:40.729+0000] {logging_mixin.py:190} INFO - [2025-04-06T02:25:40.729+0000] {override.py:1930} INFO - Created Permission View: can create on DAG Run:example_params_ui_tutorial
[2025-04-06T02:25:40.738+0000] {logging_mixin.py:190} INFO - [2025-04-06T02:25:40.738+0000] {override.py:1930} INFO - Created Permission View: menu access on DAG Run:example_params_ui_tutorial
[2025-04-06T02:25:40.750+0000] {logging_mixin.py:190} INFO - [2025-04-06T02:25:40.749+0000] {override.py:1930} INFO - Created Permission View: can read on DAG Run:example_params_ui_tutorial
[2025-04-06T02:25:40.760+0000] {logging_mixin.py:190} INFO - [2025-04-06T02:25:40.760+0000] {override.py:1930} INFO - Created Permission View: can delete on DAG Run:example_params_ui_tutorial
[2025-04-06T02:25:40.760+0000] {logging_mixin.py:190} INFO - [2025-04-06T02:25:40.760+0000] {dag.py:3239} INFO - Sync 1 DAGs
[2025-04-06T02:25:40.769+0000] {logging_mixin.py:190} INFO - [2025-04-06T02:25:40.769+0000] {dag.py:3262} INFO - Creating ORM DAG for example_params_ui_tutorial
[2025-04-06T02:25:40.770+0000] {logging_mixin.py:190} INFO - [2025-04-06T02:25:40.770+0000] {dag.py:4180} INFO - Setting next_dagrun for example_params_ui_tutorial to None, run_after=None
[2025-04-06T02:25:40.793+0000] {processor.py:208} INFO - Processing /home/ubuntu/venv/lib/python3.12/site-packages/airflow/example_dags/example_params_ui_tutorial.py took 0.250 seconds
[2025-04-06T02:26:43.312+0000] {processor.py:186} INFO - Started process (PID=3861) to work on /home/ubuntu/venv/lib/python3.12/site-packages/airflow/example_dags/example_params_ui_tutorial.py
[2025-04-06T02:26:43.314+0000] {processor.py:914} INFO - Processing file /home/ubuntu/venv/lib/python3.12/site-packages/airflow/example_dags/example_params_ui_tutorial.py for tasks to queue
[2025-04-06T02:26:43.316+0000] {logging_mixin.py:190} INFO - [2025-04-06T02:26:43.316+0000] {dagbag.py:588} INFO - Filling up the DagBag from /home/ubuntu/venv/lib/python3.12/site-packages/airflow/example_dags/example_params_ui_tutorial.py
[2025-04-06T02:26:43.324+0000] {processor.py:925} INFO - DAG(s) 'example_params_ui_tutorial' retrieved from /home/ubuntu/venv/lib/python3.12/site-packages/airflow/example_dags/example_params_ui_tutorial.py
[2025-04-06T02:26:43.362+0000] {logging_mixin.py:190} INFO - [2025-04-06T02:26:43.361+0000] {dag.py:3239} INFO - Sync 1 DAGs
[2025-04-06T02:26:43.373+0000] {logging_mixin.py:190} INFO - [2025-04-06T02:26:43.373+0000] {dag.py:4180} INFO - Setting next_dagrun for example_params_ui_tutorial to None, run_after=None
[2025-04-06T02:26:43.396+0000] {processor.py:208} INFO - Processing /home/ubuntu/venv/lib/python3.12/site-packages/airflow/example_dags/example_params_ui_tutorial.py took 0.089 seconds
