[2025-04-06T02:25:59.362+0000] {processor.py:186} INFO - Started process (PID=3818) to work on /home/ubuntu/venv/lib/python3.12/site-packages/airflow/example_dags/example_branch_python_dop_operator_3.py
[2025-04-06T02:25:59.363+0000] {processor.py:914} INFO - Processing file /home/ubuntu/venv/lib/python3.12/site-packages/airflow/example_dags/example_branch_python_dop_operator_3.py for tasks to queue
[2025-04-06T02:25:59.365+0000] {logging_mixin.py:190} INFO - [2025-04-06T02:25:59.365+0000] {dagbag.py:588} INFO - Filling up the DagBag from /home/ubuntu/venv/lib/python3.12/site-packages/airflow/example_dags/example_branch_python_dop_operator_3.py
[2025-04-06T02:25:59.375+0000] {processor.py:925} INFO - DAG(s) 'example_branch_dop_operator_v3' retrieved from /home/ubuntu/venv/lib/python3.12/site-packages/airflow/example_dags/example_branch_python_dop_operator_3.py
[2025-04-06T02:25:59.477+0000] {logging_mixin.py:190} INFO - [2025-04-06T02:25:59.477+0000] {override.py:1930} INFO - Created Permission View: can read on DAG:example_branch_dop_operator_v3
[2025-04-06T02:25:59.490+0000] {logging_mixin.py:190} INFO - [2025-04-06T02:25:59.490+0000] {override.py:1930} INFO - Created Permission View: can edit on DAG:example_branch_dop_operator_v3
[2025-04-06T02:25:59.500+0000] {logging_mixin.py:190} INFO - [2025-04-06T02:25:59.500+0000] {override.py:1930} INFO - Created Permission View: can delete on DAG:example_branch_dop_operator_v3
[2025-04-06T02:25:59.517+0000] {logging_mixin.py:190} INFO - [2025-04-06T02:25:59.517+0000] {override.py:1930} INFO - Created Permission View: can create on DAG Run:example_branch_dop_operator_v3
[2025-04-06T02:25:59.527+0000] {logging_mixin.py:190} INFO - [2025-04-06T02:25:59.527+0000] {override.py:1930} INFO - Created Permission View: menu access on DAG Run:example_branch_dop_operator_v3
[2025-04-06T02:25:59.538+0000] {logging_mixin.py:190} INFO - [2025-04-06T02:25:59.537+0000] {override.py:1930} INFO - Created Permission View: can read on DAG Run:example_branch_dop_operator_v3
[2025-04-06T02:25:59.550+0000] {logging_mixin.py:190} INFO - [2025-04-06T02:25:59.550+0000] {override.py:1930} INFO - Created Permission View: can delete on DAG Run:example_branch_dop_operator_v3
[2025-04-06T02:25:59.550+0000] {logging_mixin.py:190} INFO - [2025-04-06T02:25:59.550+0000] {dag.py:3239} INFO - Sync 1 DAGs
[2025-04-06T02:25:59.560+0000] {logging_mixin.py:190} INFO - [2025-04-06T02:25:59.560+0000] {dag.py:3262} INFO - Creating ORM DAG for example_branch_dop_operator_v3
[2025-04-06T02:25:59.570+0000] {logging_mixin.py:190} INFO - [2025-04-06T02:25:59.570+0000] {dag.py:4180} INFO - Setting next_dagrun for example_branch_dop_operator_v3 to 2025-04-06 02:24:00+00:00, run_after=2025-04-06 02:25:00+00:00
[2025-04-06T02:25:59.597+0000] {processor.py:208} INFO - Processing /home/ubuntu/venv/lib/python3.12/site-packages/airflow/example_dags/example_branch_python_dop_operator_3.py took 0.239 seconds
[2025-04-06T02:27:01.022+0000] {processor.py:186} INFO - Started process (PID=3906) to work on /home/ubuntu/venv/lib/python3.12/site-packages/airflow/example_dags/example_branch_python_dop_operator_3.py
[2025-04-06T02:27:01.025+0000] {processor.py:914} INFO - Processing file /home/ubuntu/venv/lib/python3.12/site-packages/airflow/example_dags/example_branch_python_dop_operator_3.py for tasks to queue
[2025-04-06T02:27:01.026+0000] {logging_mixin.py:190} INFO - [2025-04-06T02:27:01.026+0000] {dagbag.py:588} INFO - Filling up the DagBag from /home/ubuntu/venv/lib/python3.12/site-packages/airflow/example_dags/example_branch_python_dop_operator_3.py
[2025-04-06T02:27:01.038+0000] {processor.py:925} INFO - DAG(s) 'example_branch_dop_operator_v3' retrieved from /home/ubuntu/venv/lib/python3.12/site-packages/airflow/example_dags/example_branch_python_dop_operator_3.py
[2025-04-06T02:27:01.053+0000] {logging_mixin.py:190} INFO - [2025-04-06T02:27:01.053+0000] {dag.py:3239} INFO - Sync 1 DAGs
[2025-04-06T02:27:01.074+0000] {logging_mixin.py:190} INFO - [2025-04-06T02:27:01.074+0000] {dag.py:4180} INFO - Setting next_dagrun for example_branch_dop_operator_v3 to 2025-04-06 02:26:00+00:00, run_after=2025-04-06 02:27:00+00:00
[2025-04-06T02:27:01.096+0000] {processor.py:208} INFO - Processing /home/ubuntu/venv/lib/python3.12/site-packages/airflow/example_dags/example_branch_python_dop_operator_3.py took 0.078 seconds
