[2025-04-06T02:25:23.161+0000] {processor.py:186} INFO - Started process (PID=3788) to work on /home/ubuntu/venv/lib/python3.12/site-packages/airflow/example_dags/example_subdag_operator.py
[2025-04-06T02:25:23.162+0000] {processor.py:914} INFO - Processing file /home/ubuntu/venv/lib/python3.12/site-packages/airflow/example_dags/example_subdag_operator.py for tasks to queue
[2025-04-06T02:25:23.163+0000] {logging_mixin.py:190} INFO - [2025-04-06T02:25:23.163+0000] {dagbag.py:588} INFO - Filling up the DagBag from /home/ubuntu/venv/lib/python3.12/site-packages/airflow/example_dags/example_subdag_operator.py
[2025-04-06T02:25:23.185+0000] {processor.py:925} INFO - DAG(s) 'example_subdag_operator.section-1', 'example_subdag_operator.section-2', 'example_subdag_operator' retrieved from /home/ubuntu/venv/lib/python3.12/site-packages/airflow/example_dags/example_subdag_operator.py
[2025-04-06T02:25:23.288+0000] {logging_mixin.py:190} INFO - [2025-04-06T02:25:23.288+0000] {override.py:1930} INFO - Created Permission View: can read on DAG:example_subdag_operator
[2025-04-06T02:25:23.302+0000] {logging_mixin.py:190} INFO - [2025-04-06T02:25:23.301+0000] {override.py:1930} INFO - Created Permission View: can edit on DAG:example_subdag_operator
[2025-04-06T02:25:23.313+0000] {logging_mixin.py:190} INFO - [2025-04-06T02:25:23.313+0000] {override.py:1930} INFO - Created Permission View: can delete on DAG:example_subdag_operator
[2025-04-06T02:25:23.330+0000] {logging_mixin.py:190} INFO - [2025-04-06T02:25:23.330+0000] {override.py:1930} INFO - Created Permission View: can create on DAG Run:example_subdag_operator
[2025-04-06T02:25:23.341+0000] {logging_mixin.py:190} INFO - [2025-04-06T02:25:23.341+0000] {override.py:1930} INFO - Created Permission View: menu access on DAG Run:example_subdag_operator
[2025-04-06T02:25:23.353+0000] {logging_mixin.py:190} INFO - [2025-04-06T02:25:23.353+0000] {override.py:1930} INFO - Created Permission View: can read on DAG Run:example_subdag_operator
[2025-04-06T02:25:23.363+0000] {logging_mixin.py:190} INFO - [2025-04-06T02:25:23.363+0000] {override.py:1930} INFO - Created Permission View: can delete on DAG Run:example_subdag_operator
[2025-04-06T02:25:23.363+0000] {logging_mixin.py:190} INFO - [2025-04-06T02:25:23.363+0000] {dag.py:3239} INFO - Sync 3 DAGs
[2025-04-06T02:25:23.372+0000] {logging_mixin.py:190} INFO - [2025-04-06T02:25:23.372+0000] {dag.py:3262} INFO - Creating ORM DAG for example_subdag_operator.section-1
[2025-04-06T02:25:23.373+0000] {logging_mixin.py:190} INFO - [2025-04-06T02:25:23.373+0000] {dag.py:3262} INFO - Creating ORM DAG for example_subdag_operator
[2025-04-06T02:25:23.373+0000] {logging_mixin.py:190} INFO - [2025-04-06T02:25:23.373+0000] {dag.py:3262} INFO - Creating ORM DAG for example_subdag_operator.section-2
[2025-04-06T02:25:23.380+0000] {logging_mixin.py:190} INFO - [2025-04-06T02:25:23.380+0000] {dag.py:4180} INFO - Setting next_dagrun for example_subdag_operator to 2022-01-01 00:00:00+00:00, run_after=2022-01-01 00:00:00+00:00
[2025-04-06T02:25:23.381+0000] {logging_mixin.py:190} INFO - [2025-04-06T02:25:23.381+0000] {dag.py:4180} INFO - Setting next_dagrun for example_subdag_operator.section-1 to None, run_after=None
[2025-04-06T02:25:23.381+0000] {logging_mixin.py:190} INFO - [2025-04-06T02:25:23.381+0000] {dag.py:4180} INFO - Setting next_dagrun for example_subdag_operator.section-2 to None, run_after=None
[2025-04-06T02:25:23.386+0000] {logging_mixin.py:190} INFO - [2025-04-06T02:25:23.386+0000] {dag.py:3239} INFO - Sync 2 DAGs
[2025-04-06T02:25:23.390+0000] {logging_mixin.py:190} INFO - [2025-04-06T02:25:23.389+0000] {dag.py:4180} INFO - Setting next_dagrun for example_subdag_operator.section-1 to None, run_after=None
[2025-04-06T02:25:23.392+0000] {logging_mixin.py:190} INFO - [2025-04-06T02:25:23.391+0000] {dag.py:4180} INFO - Setting next_dagrun for example_subdag_operator.section-2 to None, run_after=None
[2025-04-06T02:25:23.411+0000] {processor.py:208} INFO - Processing /home/ubuntu/venv/lib/python3.12/site-packages/airflow/example_dags/example_subdag_operator.py took 0.255 seconds
[2025-04-06T02:26:30.385+0000] {processor.py:186} INFO - Started process (PID=3848) to work on /home/ubuntu/venv/lib/python3.12/site-packages/airflow/example_dags/example_subdag_operator.py
[2025-04-06T02:26:30.387+0000] {processor.py:914} INFO - Processing file /home/ubuntu/venv/lib/python3.12/site-packages/airflow/example_dags/example_subdag_operator.py for tasks to queue
[2025-04-06T02:26:30.388+0000] {logging_mixin.py:190} INFO - [2025-04-06T02:26:30.388+0000] {dagbag.py:588} INFO - Filling up the DagBag from /home/ubuntu/venv/lib/python3.12/site-packages/airflow/example_dags/example_subdag_operator.py
[2025-04-06T02:26:30.411+0000] {processor.py:925} INFO - DAG(s) 'example_subdag_operator.section-1', 'example_subdag_operator.section-2', 'example_subdag_operator' retrieved from /home/ubuntu/venv/lib/python3.12/site-packages/airflow/example_dags/example_subdag_operator.py
[2025-04-06T02:26:30.425+0000] {logging_mixin.py:190} INFO - [2025-04-06T02:26:30.425+0000] {dag.py:3239} INFO - Sync 3 DAGs
[2025-04-06T02:26:30.443+0000] {logging_mixin.py:190} INFO - [2025-04-06T02:26:30.443+0000] {dag.py:4180} INFO - Setting next_dagrun for example_subdag_operator to 2022-01-01 00:00:00+00:00, run_after=2022-01-01 00:00:00+00:00
[2025-04-06T02:26:30.446+0000] {logging_mixin.py:190} INFO - [2025-04-06T02:26:30.446+0000] {dag.py:4180} INFO - Setting next_dagrun for example_subdag_operator.section-1 to None, run_after=None
[2025-04-06T02:26:30.447+0000] {logging_mixin.py:190} INFO - [2025-04-06T02:26:30.447+0000] {dag.py:4180} INFO - Setting next_dagrun for example_subdag_operator.section-2 to None, run_after=None
[2025-04-06T02:26:30.452+0000] {logging_mixin.py:190} INFO - [2025-04-06T02:26:30.452+0000] {dag.py:3239} INFO - Sync 2 DAGs
[2025-04-06T02:26:30.455+0000] {logging_mixin.py:190} INFO - [2025-04-06T02:26:30.455+0000] {dag.py:4180} INFO - Setting next_dagrun for example_subdag_operator.section-1 to None, run_after=None
[2025-04-06T02:26:30.455+0000] {logging_mixin.py:190} INFO - [2025-04-06T02:26:30.455+0000] {dag.py:4180} INFO - Setting next_dagrun for example_subdag_operator.section-2 to None, run_after=None
[2025-04-06T02:26:30.471+0000] {processor.py:208} INFO - Processing /home/ubuntu/venv/lib/python3.12/site-packages/airflow/example_dags/example_subdag_operator.py took 0.091 seconds
