[2025-04-06T02:25:44.562+0000] {processor.py:186} INFO - Started process (PID=3807) to work on /home/ubuntu/venv/lib/python3.12/site-packages/airflow/example_dags/example_dataset_alias_with_no_taskflow.py
[2025-04-06T02:25:44.563+0000] {processor.py:914} INFO - Processing file /home/ubuntu/venv/lib/python3.12/site-packages/airflow/example_dags/example_dataset_alias_with_no_taskflow.py for tasks to queue
[2025-04-06T02:25:44.565+0000] {logging_mixin.py:190} INFO - [2025-04-06T02:25:44.564+0000] {dagbag.py:588} INFO - Filling up the DagBag from /home/ubuntu/venv/lib/python3.12/site-packages/airflow/example_dags/example_dataset_alias_with_no_taskflow.py
[2025-04-06T02:25:44.582+0000] {processor.py:925} INFO - DAG(s) 'dataset_alias_example_alias_producer_with_no_taskflow', 'dataset_alias_example_alias_consumer_with_no_taskflow', 'dataset_s3_bucket_consumer_with_no_taskflow', 'dataset_s3_bucket_producer_with_no_taskflow' retrieved from /home/ubuntu/venv/lib/python3.12/site-packages/airflow/example_dags/example_dataset_alias_with_no_taskflow.py
[2025-04-06T02:25:44.679+0000] {logging_mixin.py:190} INFO - [2025-04-06T02:25:44.679+0000] {override.py:1930} INFO - Created Permission View: can read on DAG:dataset_alias_example_alias_producer_with_no_taskflow
[2025-04-06T02:25:44.695+0000] {logging_mixin.py:190} INFO - [2025-04-06T02:25:44.694+0000] {override.py:1930} INFO - Created Permission View: can edit on DAG:dataset_alias_example_alias_producer_with_no_taskflow
[2025-04-06T02:25:44.706+0000] {logging_mixin.py:190} INFO - [2025-04-06T02:25:44.706+0000] {override.py:1930} INFO - Created Permission View: can delete on DAG:dataset_alias_example_alias_producer_with_no_taskflow
[2025-04-06T02:25:44.725+0000] {logging_mixin.py:190} INFO - [2025-04-06T02:25:44.725+0000] {override.py:1930} INFO - Created Permission View: can create on DAG Run:dataset_alias_example_alias_producer_with_no_taskflow
[2025-04-06T02:25:44.737+0000] {logging_mixin.py:190} INFO - [2025-04-06T02:25:44.736+0000] {override.py:1930} INFO - Created Permission View: menu access on DAG Run:dataset_alias_example_alias_producer_with_no_taskflow
[2025-04-06T02:25:44.748+0000] {logging_mixin.py:190} INFO - [2025-04-06T02:25:44.748+0000] {override.py:1930} INFO - Created Permission View: can read on DAG Run:dataset_alias_example_alias_producer_with_no_taskflow
[2025-04-06T02:25:44.759+0000] {logging_mixin.py:190} INFO - [2025-04-06T02:25:44.759+0000] {override.py:1930} INFO - Created Permission View: can delete on DAG Run:dataset_alias_example_alias_producer_with_no_taskflow
[2025-04-06T02:25:44.781+0000] {logging_mixin.py:190} INFO - [2025-04-06T02:25:44.781+0000] {override.py:1930} INFO - Created Permission View: can read on DAG:dataset_alias_example_alias_consumer_with_no_taskflow
[2025-04-06T02:25:44.793+0000] {logging_mixin.py:190} INFO - [2025-04-06T02:25:44.793+0000] {override.py:1930} INFO - Created Permission View: can edit on DAG:dataset_alias_example_alias_consumer_with_no_taskflow
[2025-04-06T02:25:44.803+0000] {logging_mixin.py:190} INFO - [2025-04-06T02:25:44.802+0000] {override.py:1930} INFO - Created Permission View: can delete on DAG:dataset_alias_example_alias_consumer_with_no_taskflow
[2025-04-06T02:25:44.822+0000] {logging_mixin.py:190} INFO - [2025-04-06T02:25:44.821+0000] {override.py:1930} INFO - Created Permission View: can create on DAG Run:dataset_alias_example_alias_consumer_with_no_taskflow
[2025-04-06T02:25:44.833+0000] {logging_mixin.py:190} INFO - [2025-04-06T02:25:44.833+0000] {override.py:1930} INFO - Created Permission View: menu access on DAG Run:dataset_alias_example_alias_consumer_with_no_taskflow
[2025-04-06T02:25:44.845+0000] {logging_mixin.py:190} INFO - [2025-04-06T02:25:44.844+0000] {override.py:1930} INFO - Created Permission View: can read on DAG Run:dataset_alias_example_alias_consumer_with_no_taskflow
[2025-04-06T02:25:44.856+0000] {logging_mixin.py:190} INFO - [2025-04-06T02:25:44.856+0000] {override.py:1930} INFO - Created Permission View: can delete on DAG Run:dataset_alias_example_alias_consumer_with_no_taskflow
[2025-04-06T02:25:44.880+0000] {logging_mixin.py:190} INFO - [2025-04-06T02:25:44.880+0000] {override.py:1930} INFO - Created Permission View: can read on DAG:dataset_s3_bucket_consumer_with_no_taskflow
[2025-04-06T02:25:44.889+0000] {logging_mixin.py:190} INFO - [2025-04-06T02:25:44.889+0000] {override.py:1930} INFO - Created Permission View: can edit on DAG:dataset_s3_bucket_consumer_with_no_taskflow
[2025-04-06T02:25:44.898+0000] {logging_mixin.py:190} INFO - [2025-04-06T02:25:44.898+0000] {override.py:1930} INFO - Created Permission View: can delete on DAG:dataset_s3_bucket_consumer_with_no_taskflow
[2025-04-06T02:25:44.920+0000] {logging_mixin.py:190} INFO - [2025-04-06T02:25:44.920+0000] {override.py:1930} INFO - Created Permission View: can create on DAG Run:dataset_s3_bucket_consumer_with_no_taskflow
[2025-04-06T02:25:44.929+0000] {logging_mixin.py:190} INFO - [2025-04-06T02:25:44.929+0000] {override.py:1930} INFO - Created Permission View: menu access on DAG Run:dataset_s3_bucket_consumer_with_no_taskflow
[2025-04-06T02:25:44.940+0000] {logging_mixin.py:190} INFO - [2025-04-06T02:25:44.940+0000] {override.py:1930} INFO - Created Permission View: can read on DAG Run:dataset_s3_bucket_consumer_with_no_taskflow
[2025-04-06T02:25:44.953+0000] {logging_mixin.py:190} INFO - [2025-04-06T02:25:44.952+0000] {override.py:1930} INFO - Created Permission View: can delete on DAG Run:dataset_s3_bucket_consumer_with_no_taskflow
[2025-04-06T02:25:44.982+0000] {logging_mixin.py:190} INFO - [2025-04-06T02:25:44.982+0000] {override.py:1930} INFO - Created Permission View: can read on DAG:dataset_s3_bucket_producer_with_no_taskflow
[2025-04-06T02:25:45.003+0000] {logging_mixin.py:190} INFO - [2025-04-06T02:25:45.003+0000] {override.py:1930} INFO - Created Permission View: can edit on DAG:dataset_s3_bucket_producer_with_no_taskflow
[2025-04-06T02:25:45.021+0000] {logging_mixin.py:190} INFO - [2025-04-06T02:25:45.020+0000] {override.py:1930} INFO - Created Permission View: can delete on DAG:dataset_s3_bucket_producer_with_no_taskflow
[2025-04-06T02:25:45.037+0000] {logging_mixin.py:190} INFO - [2025-04-06T02:25:45.037+0000] {override.py:1930} INFO - Created Permission View: can create on DAG Run:dataset_s3_bucket_producer_with_no_taskflow
[2025-04-06T02:25:45.050+0000] {logging_mixin.py:190} INFO - [2025-04-06T02:25:45.050+0000] {override.py:1930} INFO - Created Permission View: menu access on DAG Run:dataset_s3_bucket_producer_with_no_taskflow
[2025-04-06T02:25:45.068+0000] {logging_mixin.py:190} INFO - [2025-04-06T02:25:45.068+0000] {override.py:1930} INFO - Created Permission View: can read on DAG Run:dataset_s3_bucket_producer_with_no_taskflow
[2025-04-06T02:25:45.079+0000] {logging_mixin.py:190} INFO - [2025-04-06T02:25:45.078+0000] {override.py:1930} INFO - Created Permission View: can delete on DAG Run:dataset_s3_bucket_producer_with_no_taskflow
[2025-04-06T02:25:45.079+0000] {logging_mixin.py:190} INFO - [2025-04-06T02:25:45.079+0000] {dag.py:3239} INFO - Sync 4 DAGs
[2025-04-06T02:25:45.096+0000] {logging_mixin.py:190} INFO - [2025-04-06T02:25:45.096+0000] {dag.py:3262} INFO - Creating ORM DAG for dataset_alias_example_alias_consumer_with_no_taskflow
[2025-04-06T02:25:45.096+0000] {logging_mixin.py:190} INFO - [2025-04-06T02:25:45.096+0000] {dag.py:3262} INFO - Creating ORM DAG for dataset_s3_bucket_consumer_with_no_taskflow
[2025-04-06T02:25:45.097+0000] {logging_mixin.py:190} INFO - [2025-04-06T02:25:45.097+0000] {dag.py:3262} INFO - Creating ORM DAG for dataset_s3_bucket_producer_with_no_taskflow
[2025-04-06T02:25:45.097+0000] {logging_mixin.py:190} INFO - [2025-04-06T02:25:45.097+0000] {dag.py:3262} INFO - Creating ORM DAG for dataset_alias_example_alias_producer_with_no_taskflow
[2025-04-06T02:25:45.108+0000] {logging_mixin.py:190} INFO - [2025-04-06T02:25:45.107+0000] {dag.py:4180} INFO - Setting next_dagrun for dataset_alias_example_alias_consumer_with_no_taskflow to None, run_after=None
[2025-04-06T02:25:45.108+0000] {logging_mixin.py:190} INFO - [2025-04-06T02:25:45.108+0000] {dag.py:4180} INFO - Setting next_dagrun for dataset_alias_example_alias_producer_with_no_taskflow to None, run_after=None
[2025-04-06T02:25:45.108+0000] {logging_mixin.py:190} INFO - [2025-04-06T02:25:45.108+0000] {dag.py:4180} INFO - Setting next_dagrun for dataset_s3_bucket_consumer_with_no_taskflow to None, run_after=None
[2025-04-06T02:25:45.109+0000] {logging_mixin.py:190} INFO - [2025-04-06T02:25:45.109+0000] {dag.py:4180} INFO - Setting next_dagrun for dataset_s3_bucket_producer_with_no_taskflow to None, run_after=None
[2025-04-06T02:25:45.139+0000] {processor.py:208} INFO - Processing /home/ubuntu/venv/lib/python3.12/site-packages/airflow/example_dags/example_dataset_alias_with_no_taskflow.py took 0.582 seconds
[2025-04-06T02:26:50.610+0000] {processor.py:186} INFO - Started process (PID=3893) to work on /home/ubuntu/venv/lib/python3.12/site-packages/airflow/example_dags/example_dataset_alias_with_no_taskflow.py
[2025-04-06T02:26:50.612+0000] {processor.py:914} INFO - Processing file /home/ubuntu/venv/lib/python3.12/site-packages/airflow/example_dags/example_dataset_alias_with_no_taskflow.py for tasks to queue
[2025-04-06T02:26:50.614+0000] {logging_mixin.py:190} INFO - [2025-04-06T02:26:50.614+0000] {dagbag.py:588} INFO - Filling up the DagBag from /home/ubuntu/venv/lib/python3.12/site-packages/airflow/example_dags/example_dataset_alias_with_no_taskflow.py
[2025-04-06T02:26:50.635+0000] {processor.py:925} INFO - DAG(s) 'dataset_s3_bucket_consumer_with_no_taskflow', 'dataset_s3_bucket_producer_with_no_taskflow', 'dataset_alias_example_alias_consumer_with_no_taskflow', 'dataset_alias_example_alias_producer_with_no_taskflow' retrieved from /home/ubuntu/venv/lib/python3.12/site-packages/airflow/example_dags/example_dataset_alias_with_no_taskflow.py
[2025-04-06T02:26:50.654+0000] {logging_mixin.py:190} INFO - [2025-04-06T02:26:50.653+0000] {dag.py:3239} INFO - Sync 4 DAGs
[2025-04-06T02:26:50.672+0000] {logging_mixin.py:190} INFO - [2025-04-06T02:26:50.672+0000] {dag.py:4180} INFO - Setting next_dagrun for dataset_alias_example_alias_consumer_with_no_taskflow to None, run_after=None
[2025-04-06T02:26:50.673+0000] {logging_mixin.py:190} INFO - [2025-04-06T02:26:50.673+0000] {dag.py:4180} INFO - Setting next_dagrun for dataset_alias_example_alias_producer_with_no_taskflow to None, run_after=None
[2025-04-06T02:26:50.674+0000] {logging_mixin.py:190} INFO - [2025-04-06T02:26:50.674+0000] {dag.py:4180} INFO - Setting next_dagrun for dataset_s3_bucket_consumer_with_no_taskflow to None, run_after=None
[2025-04-06T02:26:50.676+0000] {logging_mixin.py:190} INFO - [2025-04-06T02:26:50.675+0000] {dag.py:4180} INFO - Setting next_dagrun for dataset_s3_bucket_producer_with_no_taskflow to None, run_after=None
[2025-04-06T02:26:50.699+0000] {processor.py:208} INFO - Processing /home/ubuntu/venv/lib/python3.12/site-packages/airflow/example_dags/example_dataset_alias_with_no_taskflow.py took 0.094 seconds
