[2025-04-06T02:25:02.264+0000] {processor.py:186} INFO - Started process (PID=3765) to work on /home/ubuntu/venv/lib/python3.12/site-packages/airflow/example_dags/tutorial_taskflow_templates.py
[2025-04-06T02:25:02.266+0000] {processor.py:914} INFO - Processing file /home/ubuntu/venv/lib/python3.12/site-packages/airflow/example_dags/tutorial_taskflow_templates.py for tasks to queue
[2025-04-06T02:25:02.268+0000] {logging_mixin.py:190} INFO - [2025-04-06T02:25:02.267+0000] {dagbag.py:588} INFO - Filling up the DagBag from /home/ubuntu/venv/lib/python3.12/site-packages/airflow/example_dags/tutorial_taskflow_templates.py
[2025-04-06T02:25:02.280+0000] {processor.py:925} INFO - DAG(s) 'tutorial_taskflow_templates' retrieved from /home/ubuntu/venv/lib/python3.12/site-packages/airflow/example_dags/tutorial_taskflow_templates.py
[2025-04-06T02:25:02.423+0000] {logging_mixin.py:190} INFO - [2025-04-06T02:25:02.422+0000] {override.py:1930} INFO - Created Permission View: can read on DAG:tutorial_taskflow_templates
[2025-04-06T02:25:02.438+0000] {logging_mixin.py:190} INFO - [2025-04-06T02:25:02.438+0000] {override.py:1930} INFO - Created Permission View: can edit on DAG:tutorial_taskflow_templates
[2025-04-06T02:25:02.450+0000] {logging_mixin.py:190} INFO - [2025-04-06T02:25:02.450+0000] {override.py:1930} INFO - Created Permission View: can delete on DAG:tutorial_taskflow_templates
[2025-04-06T02:25:02.469+0000] {logging_mixin.py:190} INFO - [2025-04-06T02:25:02.469+0000] {override.py:1930} INFO - Created Permission View: can create on DAG Run:tutorial_taskflow_templates
[2025-04-06T02:25:02.479+0000] {logging_mixin.py:190} INFO - [2025-04-06T02:25:02.479+0000] {override.py:1930} INFO - Created Permission View: menu access on DAG Run:tutorial_taskflow_templates
[2025-04-06T02:25:02.498+0000] {logging_mixin.py:190} INFO - [2025-04-06T02:25:02.498+0000] {override.py:1930} INFO - Created Permission View: can read on DAG Run:tutorial_taskflow_templates
[2025-04-06T02:25:02.520+0000] {logging_mixin.py:190} INFO - [2025-04-06T02:25:02.519+0000] {override.py:1930} INFO - Created Permission View: can delete on DAG Run:tutorial_taskflow_templates
[2025-04-06T02:25:02.520+0000] {logging_mixin.py:190} INFO - [2025-04-06T02:25:02.520+0000] {dag.py:3239} INFO - Sync 1 DAGs
[2025-04-06T02:25:02.533+0000] {logging_mixin.py:190} INFO - [2025-04-06T02:25:02.533+0000] {dag.py:3262} INFO - Creating ORM DAG for tutorial_taskflow_templates
[2025-04-06T02:25:02.545+0000] {logging_mixin.py:190} INFO - [2025-04-06T02:25:02.545+0000] {dag.py:4180} INFO - Setting next_dagrun for tutorial_taskflow_templates to 2025-04-05 00:00:00+00:00, run_after=2025-04-06 00:00:00+00:00
[2025-04-06T02:25:02.564+0000] {processor.py:208} INFO - Processing /home/ubuntu/venv/lib/python3.12/site-packages/airflow/example_dags/tutorial_taskflow_templates.py took 0.306 seconds
[2025-04-06T02:26:11.890+0000] {processor.py:186} INFO - Started process (PID=3829) to work on /home/ubuntu/venv/lib/python3.12/site-packages/airflow/example_dags/tutorial_taskflow_templates.py
[2025-04-06T02:26:11.891+0000] {processor.py:914} INFO - Processing file /home/ubuntu/venv/lib/python3.12/site-packages/airflow/example_dags/tutorial_taskflow_templates.py for tasks to queue
[2025-04-06T02:26:11.893+0000] {logging_mixin.py:190} INFO - [2025-04-06T02:26:11.893+0000] {dagbag.py:588} INFO - Filling up the DagBag from /home/ubuntu/venv/lib/python3.12/site-packages/airflow/example_dags/tutorial_taskflow_templates.py
[2025-04-06T02:26:11.906+0000] {processor.py:925} INFO - DAG(s) 'tutorial_taskflow_templates' retrieved from /home/ubuntu/venv/lib/python3.12/site-packages/airflow/example_dags/tutorial_taskflow_templates.py
[2025-04-06T02:26:11.922+0000] {logging_mixin.py:190} INFO - [2025-04-06T02:26:11.922+0000] {dag.py:3239} INFO - Sync 1 DAGs
[2025-04-06T02:26:11.941+0000] {logging_mixin.py:190} INFO - [2025-04-06T02:26:11.941+0000] {dag.py:4180} INFO - Setting next_dagrun for tutorial_taskflow_templates to 2025-04-05 00:00:00+00:00, run_after=2025-04-06 00:00:00+00:00
[2025-04-06T02:26:11.962+0000] {processor.py:208} INFO - Processing /home/ubuntu/venv/lib/python3.12/site-packages/airflow/example_dags/tutorial_taskflow_templates.py took 0.077 seconds
[2025-04-06T02:26:45.586+0000] {processor.py:186} INFO - Started process (PID=3863) to work on /home/ubuntu/venv/lib/python3.12/site-packages/airflow/example_dags/tutorial_taskflow_templates.py
[2025-04-06T02:26:45.588+0000] {processor.py:914} INFO - Processing file /home/ubuntu/venv/lib/python3.12/site-packages/airflow/example_dags/tutorial_taskflow_templates.py for tasks to queue
[2025-04-06T02:26:45.590+0000] {logging_mixin.py:190} INFO - [2025-04-06T02:26:45.589+0000] {dagbag.py:588} INFO - Filling up the DagBag from /home/ubuntu/venv/lib/python3.12/site-packages/airflow/example_dags/tutorial_taskflow_templates.py
[2025-04-06T02:26:45.602+0000] {processor.py:925} INFO - DAG(s) 'tutorial_taskflow_templates' retrieved from /home/ubuntu/venv/lib/python3.12/site-packages/airflow/example_dags/tutorial_taskflow_templates.py
[2025-04-06T02:26:45.622+0000] {logging_mixin.py:190} INFO - [2025-04-06T02:26:45.619+0000] {dag.py:3239} INFO - Sync 1 DAGs
[2025-04-06T02:26:45.641+0000] {logging_mixin.py:190} INFO - [2025-04-06T02:26:45.640+0000] {dag.py:4180} INFO - Setting next_dagrun for tutorial_taskflow_templates to 2025-04-05 00:00:00+00:00, run_after=2025-04-06 00:00:00+00:00
[2025-04-06T02:26:45.663+0000] {processor.py:208} INFO - Processing /home/ubuntu/venv/lib/python3.12/site-packages/airflow/example_dags/tutorial_taskflow_templates.py took 0.082 seconds
