[2025-04-06T02:25:16.023+0000] {processor.py:186} INFO - Started process (PID=3781) to work on /home/ubuntu/venv/lib/python3.12/site-packages/airflow/example_dags/tutorial_dag.py
[2025-04-06T02:25:16.024+0000] {processor.py:914} INFO - Processing file /home/ubuntu/venv/lib/python3.12/site-packages/airflow/example_dags/tutorial_dag.py for tasks to queue
[2025-04-06T02:25:16.026+0000] {logging_mixin.py:190} INFO - [2025-04-06T02:25:16.025+0000] {dagbag.py:588} INFO - Filling up the DagBag from /home/ubuntu/venv/lib/python3.12/site-packages/airflow/example_dags/tutorial_dag.py
[2025-04-06T02:25:16.033+0000] {processor.py:925} INFO - DAG(s) 'tutorial_dag' retrieved from /home/ubuntu/venv/lib/python3.12/site-packages/airflow/example_dags/tutorial_dag.py
[2025-04-06T02:25:16.135+0000] {logging_mixin.py:190} INFO - [2025-04-06T02:25:16.135+0000] {override.py:1930} INFO - Created Permission View: can read on DAG:tutorial_dag
[2025-04-06T02:25:16.149+0000] {logging_mixin.py:190} INFO - [2025-04-06T02:25:16.149+0000] {override.py:1930} INFO - Created Permission View: can edit on DAG:tutorial_dag
[2025-04-06T02:25:16.161+0000] {logging_mixin.py:190} INFO - [2025-04-06T02:25:16.160+0000] {override.py:1930} INFO - Created Permission View: can delete on DAG:tutorial_dag
[2025-04-06T02:25:16.179+0000] {logging_mixin.py:190} INFO - [2025-04-06T02:25:16.179+0000] {override.py:1930} INFO - Created Permission View: can create on DAG Run:tutorial_dag
[2025-04-06T02:25:16.190+0000] {logging_mixin.py:190} INFO - [2025-04-06T02:25:16.190+0000] {override.py:1930} INFO - Created Permission View: menu access on DAG Run:tutorial_dag
[2025-04-06T02:25:16.201+0000] {logging_mixin.py:190} INFO - [2025-04-06T02:25:16.201+0000] {override.py:1930} INFO - Created Permission View: can read on DAG Run:tutorial_dag
[2025-04-06T02:25:16.212+0000] {logging_mixin.py:190} INFO - [2025-04-06T02:25:16.212+0000] {override.py:1930} INFO - Created Permission View: can delete on DAG Run:tutorial_dag
[2025-04-06T02:25:16.212+0000] {logging_mixin.py:190} INFO - [2025-04-06T02:25:16.212+0000] {dag.py:3239} INFO - Sync 1 DAGs
[2025-04-06T02:25:16.222+0000] {logging_mixin.py:190} INFO - [2025-04-06T02:25:16.222+0000] {dag.py:3262} INFO - Creating ORM DAG for tutorial_dag
[2025-04-06T02:25:16.223+0000] {logging_mixin.py:190} INFO - [2025-04-06T02:25:16.223+0000] {dag.py:4180} INFO - Setting next_dagrun for tutorial_dag to None, run_after=None
[2025-04-06T02:25:16.245+0000] {processor.py:208} INFO - Processing /home/ubuntu/venv/lib/python3.12/site-packages/airflow/example_dags/tutorial_dag.py took 0.227 seconds
[2025-04-06T02:26:23.169+0000] {processor.py:186} INFO - Started process (PID=3841) to work on /home/ubuntu/venv/lib/python3.12/site-packages/airflow/example_dags/tutorial_dag.py
[2025-04-06T02:26:23.170+0000] {processor.py:914} INFO - Processing file /home/ubuntu/venv/lib/python3.12/site-packages/airflow/example_dags/tutorial_dag.py for tasks to queue
[2025-04-06T02:26:23.172+0000] {logging_mixin.py:190} INFO - [2025-04-06T02:26:23.172+0000] {dagbag.py:588} INFO - Filling up the DagBag from /home/ubuntu/venv/lib/python3.12/site-packages/airflow/example_dags/tutorial_dag.py
[2025-04-06T02:26:23.180+0000] {processor.py:925} INFO - DAG(s) 'tutorial_dag' retrieved from /home/ubuntu/venv/lib/python3.12/site-packages/airflow/example_dags/tutorial_dag.py
[2025-04-06T02:26:23.194+0000] {logging_mixin.py:190} INFO - [2025-04-06T02:26:23.194+0000] {dag.py:3239} INFO - Sync 1 DAGs
[2025-04-06T02:26:23.207+0000] {logging_mixin.py:190} INFO - [2025-04-06T02:26:23.206+0000] {dag.py:4180} INFO - Setting next_dagrun for tutorial_dag to None, run_after=None
[2025-04-06T02:26:23.229+0000] {processor.py:208} INFO - Processing /home/ubuntu/venv/lib/python3.12/site-packages/airflow/example_dags/tutorial_dag.py took 0.066 seconds
