2025-04-06 08:58:53.144 [info] [main] Log level: Info
2025-04-06 08:58:53.144 [info] [main] Validating found git in: "git"
2025-04-06 08:58:53.144 [info] [main] Using git "2.43.0" from "git"
2025-04-06 08:58:53.144 [info] [Model][doInitialScan] Initial repository scan started
2025-04-06 08:58:53.144 [info] > git rev-parse --show-toplevel [1871ms]
2025-04-06 08:58:53.144 [info] fatal: not a git repository (or any of the parent directories): .git
2025-04-06 08:58:53.144 [info] > git rev-parse --show-toplevel [3ms]
2025-04-06 08:58:53.144 [info] fatal: not a git repository (or any of the parent directories): .git
2025-04-06 08:58:53.145 [info] > git rev-parse --show-toplevel [1ms]
2025-04-06 08:58:53.145 [info] fatal: not a git repository (or any of the parent directories): .git
2025-04-06 08:58:53.150 [info] > git rev-parse --show-toplevel [2ms]
2025-04-06 08:58:53.150 [info] fatal: not a git repository (or any of the parent directories): .git
2025-04-06 08:58:53.155 [info] > git rev-parse --show-toplevel [1ms]
2025-04-06 08:58:53.155 [info] fatal: not a git repository (or any of the parent directories): .git
2025-04-06 08:58:53.161 [info] > git rev-parse --show-toplevel [2ms]
2025-04-06 08:58:53.161 [info] fatal: not a git repository (or any of the parent directories): .git
2025-04-06 08:58:53.165 [info] > git rev-parse --show-toplevel [0ms]
2025-04-06 08:58:53.165 [info] fatal: not a git repository (or any of the parent directories): .git
2025-04-06 08:58:53.170 [info] > git rev-parse --show-toplevel [1ms]
2025-04-06 08:58:53.170 [info] fatal: not a git repository (or any of the parent directories): .git
2025-04-06 08:58:53.176 [info] > git rev-parse --show-toplevel [2ms]
2025-04-06 08:58:53.176 [info] fatal: not a git repository (or any of the parent directories): .git
2025-04-06 08:58:53.186 [info] [Model][doInitialScan] Initial repository scan completed - repositories (0), closed repositories (0), parent repositories (0), unsafe repositories (0)
2025-04-06 10:52:26.654 [info] > git rev-parse --show-toplevel [183ms]
2025-04-06 10:52:26.655 [info] fatal: not a git repository (or any of the parent directories): .git
2025-04-06 11:28:00.843 [info] > git rev-parse --show-toplevel [0ms]
2025-04-06 11:28:00.843 [info] fatal: not a git repository (or any of the parent directories): .git
2025-04-06 11:28:06.043 [info] > git rev-parse --show-toplevel [1ms]
2025-04-06 11:28:06.043 [info] fatal: not a git repository (or any of the parent directories): .git
